[+] Containers:
 |- [+] Container: /Game/UI/CodeBreaker1
 |   |- [+] ActorDescs:
 |   |   |- Guid:02AA08E64B6DFDB901CAC7BE358AA7F6 BaseClass: NativeClass:/Script/Engine.StaticMeshActor Name:StaticMeshActor_UAID_44AF28A6F963B3F801_1854620564 Label:Cone9 SpatiallyLoaded:1 Bounds:IsValid=true, Min=(X=12344.467 Y=4680.652 Z=638.436), Max=(X=12619.904 Y=5234.347 Z=1673.788) RuntimeGrid:None EditorOnly:0 RuntimeOnly:0 HLODRelevant:1 ListedInSceneOutliner:1 IsMainWorldOnly:0
 |   |   |- Guid:0555A88F49C6375C321F9E887A1C5660 BaseClass: NativeClass:/Script/Landscape.LandscapeStreamingProxy Name:LandscapeStreamingProxy_B7CTOXMGB0ZE3P7FFDZQVIU93_126_0_0_0 Label:LandscapeStreamingProxy_0_0_0 SpatiallyLoaded:1 Bounds:IsValid=true, Min=(X=-25200.000 Y=-25200.000 Z=100.000), Max=(X=-12600.000 Y=-12600.000 Z=3583.594) RuntimeGrid:None EditorOnly:0 RuntimeOnly:0 HLODRelevant:1 ListedInSceneOutliner:1 IsMainWorldOnly:0
 |   |   |- Guid:1525148A4867EE304E18E49595E22CD5 BaseClass: NativeClass:/Script/Engine.StaticMeshActor Name:StaticMeshActor_UAID_44AF28A6F963B3F801_1607104552 Label:Box2 SpatiallyLoaded:1 Bounds:IsValid=true, Min=(X=-12872.019 Y=8387.108 Z=-214.588), Max=(X=-11732.750 Y=9736.065 Z=753.927) RuntimeGrid:None EditorOnly:0 RuntimeOnly:0 HLODRelevant:1 ListedInSceneOutliner:1 IsMainWorldOnly:0
 |   |   |- Guid:167016A445D208FD21935AB66D84ADA5 BaseClass: NativeClass:/Script/Engine.StaticMeshActor Name:StaticMeshActor_UAID_44AF28A6F963B4F801_1109103750 Label:MaterialSphere10 SpatiallyLoaded:1 Bounds:IsValid=true, Min=(X=5710.000 Y=9800.000 Z=110.000), Max=(X=5810.000 Y=9900.000 Z=210.000) RuntimeGrid:None EditorOnly:0 RuntimeOnly:0 HLODRelevant:1 ListedInSceneOutliner:1 IsMainWorldOnly:0
 |   |   |- Guid:182D72DC4E51479BE6FC299EB0DA7855 BaseClass: NativeClass:/Script/Engine.ExponentialHeightFog Name:ExponentialHeightFog_1 Label:ExponentialHeightFog SpatiallyLoaded:0 Bounds:IsValid=true, Min=(X=-5600.000 Y=-50.000 Z=-6850.000), Max=(X=-5600.000 Y=-50.000 Z=-6850.000) RuntimeGrid:None EditorOnly:0 RuntimeOnly:0 HLODRelevant:0 ListedInSceneOutliner:1 IsMainWorldOnly:0 FolderPath:Lighting FolderGuid:4C9334684BA61B42C769F799D2576455
 |   |   |- Guid:1DAA85A3478BF45D734ACAA4BC08F989 BaseClass: NativeClass:/Script/Engine.PlayerStart Name:PlayerStart_0 Label:PlayerStart SpatiallyLoaded:0 Bounds:IsValid=true, Min=(X=-18090.000 Y=-13030.000 Z=120.013), Max=(X=-17830.000 Y=-12750.000 Z=764.013) RuntimeGrid:None EditorOnly:0 RuntimeOnly:0 HLODRelevant:0 ListedInSceneOutliner:1 IsMainWorldOnly:0
 |   |   |- Guid:204BD5504DE7B5BCEBBFF981C715BFEF BaseClass: NativeClass:/Script/Engine.StaticMeshActor Name:StaticMeshActor_UAID_44AF28A6F963B3F801_2043791565 Label:MaterialSphere SpatiallyLoaded:1 Bounds:IsValid=true, Min=(X=-15850.000 Y=4840.000 Z=150.000), Max=(X=-15750.000 Y=4940.000 Z=250.000) RuntimeGrid:None EditorOnly:0 RuntimeOnly:0 HLODRelevant:1 ListedInSceneOutliner:1 IsMainWorldOnly:0
 |   |   |- Guid:216F9FA6437D49B667847985F4BBCAAC BaseClass: NativeClass:/Script/Engine.VolumetricCloud Name:VolumetricCloud_0 Label:VolumetricCloud SpatiallyLoaded:0 Bounds:IsValid=true, Min=(X=0.000 Y=0.000 Z=820.000), Max=(X=0.000 Y=0.000 Z=820.000) RuntimeGrid:None EditorOnly:0 RuntimeOnly:0 HLODRelevant:0 ListedInSceneOutliner:1 IsMainWorldOnly:0 FolderPath:Lighting FolderGuid:4C9334684BA61B42C769F799D2576455
 |   |   |- Guid:2A601C7B46025DB16AF55593383C2A68 BaseClass: NativeClass:/Script/Landscape.LandscapeStreamingProxy Name:LandscapeStreamingProxy_B7CTOXMGB0ZE3P7FFDZQVIU93_126_1_1_0 Label:LandscapeStreamingProxy_1_1_0 SpatiallyLoaded:1 Bounds:IsValid=true, Min=(X=-12600.000 Y=-12600.000 Z=99.219), Max=(X=0.000 Y=0.000 Z=5946.875) RuntimeGrid:None EditorOnly:0 RuntimeOnly:0 HLODRelevant:1 ListedInSceneOutliner:1 IsMainWorldOnly:0
 |   |   |- Guid:2D9519F54EBFB579D155219251578BBC BaseClass: NativeClass:/Script/Engine.SkyLight Name:SkyLight_1 Label:SkyLight SpatiallyLoaded:0 Bounds:IsValid=true, Min=(X=0.000 Y=0.000 Z=690.000), Max=(X=0.000 Y=0.000 Z=690.000) RuntimeGrid:None EditorOnly:0 RuntimeOnly:0 HLODRelevant:0 ListedInSceneOutliner:1 IsMainWorldOnly:0 FolderPath:Lighting FolderGuid:4C9334684BA61B42C769F799D2576455
 |   |   |- Guid:32B8BE5B4E205063125813B0FE17E6C5 BaseClass: NativeClass:/Script/Landscape.LandscapeStreamingProxy Name:LandscapeStreamingProxy_B7CTOXMGB0ZE3P7FFDZQVIU93_126_2_0_0 Label:LandscapeStreamingProxy_2_0_0 SpatiallyLoaded:1 Bounds:IsValid=true, Min=(X=0.000 Y=-25200.000 Z=-57.812), Max=(X=12600.000 Y=-12600.000 Z=2233.594) RuntimeGrid:None EditorOnly:0 RuntimeOnly:0 HLODRelevant:1 ListedInSceneOutliner:1 IsMainWorldOnly:0
 |   |   |- Guid:35C427D74D83E202836A7A9CE5A0BA18 BaseClass: NativeClass:/Script/Landscape.LandscapeStreamingProxy Name:LandscapeStreamingProxy_B7CTOXMGB0ZE3P7FFDZQVIU93_126_2_2_0 Label:LandscapeStreamingProxy_2_2_0 SpatiallyLoaded:1 Bounds:IsValid=true, Min=(X=0.000 Y=0.000 Z=100.000), Max=(X=12600.000 Y=12600.000 Z=1134.375) RuntimeGrid:None EditorOnly:0 RuntimeOnly:0 HLODRelevant:1 ListedInSceneOutliner:1 IsMainWorldOnly:0
 |   |   |- Guid:398F5E3B4C31F598B24BCB828106C077 BaseClass: NativeClass:/Script/Engine.StaticMeshActor Name:StaticMeshActor_UAID_44AF28A6F963B3F801_2143026569 Label:MaterialSphere5 SpatiallyLoaded:1 Bounds:IsValid=true, Min=(X=-570.000 Y=-2400.000 Z=130.000), Max=(X=-470.000 Y=-2300.000 Z=230.000) RuntimeGrid:None EditorOnly:0 RuntimeOnly:0 HLODRelevant:1 ListedInSceneOutliner:1 IsMainWorldOnly:0
 |   |   |- Guid:3E55F71644190D6496BA2FB5086695F1 BaseClass: NativeClass:/Script/Engine.PostProcessVolume Name:PostProcessVolume_1 Label:PostProcessVolume SpatiallyLoaded:0 Bounds:IsValid=true, Min=(X=0.000 Y=0.000 Z=400.000), Max=(X=200.000 Y=200.000 Z=600.000) RuntimeGrid:None EditorOnly:0 RuntimeOnly:0 HLODRelevant:0 ListedInSceneOutliner:1 IsMainWorldOnly:0 FolderPath:Lighting FolderGuid:4C9334684BA61B42C769F799D2576455
 |   |   |- Guid:412E3F6D4F4EEC2E4E27A0BADA01FF33 BaseClass: NativeClass:/Script/Engine.StaticMeshActor Name:StaticMeshActor_UAID_44AF28A6F963B3F801_1659306554 Label:Box4 SpatiallyLoaded:1 Bounds:IsValid=true, Min=(X=4765.902 Y=-3286.952 Z=-199.822), Max=(X=6093.944 Y=-2017.071 Z=741.842) RuntimeGrid:None EditorOnly:0 RuntimeOnly:0 HLODRelevant:1 ListedInSceneOutliner:1 IsMainWorldOnly:0
 |   |   |- Guid:49D4FE8647054915D15AD4B9C9CAF3E6 BaseClass: NativeClass:/Script/Engine.StaticMeshActor Name:StaticMeshActor_UAID_44AF28A6F963B3F801_1678417555 Label:Box5 SpatiallyLoaded:1 Bounds:IsValid=true, Min=(X=4885.902 Y=10537.071 Z=-199.822), Max=(X=6213.944 Y=11806.952 Z=741.842) RuntimeGrid:None EditorOnly:0 RuntimeOnly:0 HLODRelevant:1 ListedInSceneOutliner:1 IsMainWorldOnly:0
 |   |   |- Guid:510310E54CDB69BCFAAD3EA01AB3E349 BaseClass: NativeClass:/Script/Engine.StaticMeshActor Name:StaticMeshActor_UAID_A4AE111137DC5CFB00_1660657071 Label:SM_SkySphere SpatiallyLoaded:0 Bounds:IsValid=true, Min=(X=-1638400.000 Y=-1638400.000 Z=-1638400.000), Max=(X=1638400.000 Y=1638400.000 Z=1638400.000) RuntimeGrid:None EditorOnly:0 RuntimeOnly:0 HLODRelevant:0 ListedInSceneOutliner:1 IsMainWorldOnly:0 FolderPath:Lighting FolderGuid:4C9334684BA61B42C769F799D2576455
 |   |   |- Guid:558D01F14C520A7D052F67AD1154BF02 BaseClass: NativeClass:/Script/Engine.StaticMeshActor Name:StaticMeshActor_UAID_44AF28A6F963B3F801_1810837560 Label:Cone5 SpatiallyLoaded:1 Bounds:IsValid=true, Min=(X=8655.704 Y=9015.113 Z=497.700), Max=(X=9203.920 Y=9460.673 Z=1559.783) RuntimeGrid:None EditorOnly:0 RuntimeOnly:0 HLODRelevant:1 ListedInSceneOutliner:1 IsMainWorldOnly:0
 |   |   |- Guid:65F20093429A41F97A6522A7C066902A BaseClass: NativeClass:/Script/Engine.StaticMeshActor Name:StaticMeshActor_UAID_44AF28A6F963B3F801_1768415557 Label:Cone2 SpatiallyLoaded:1 Bounds:IsValid=true, Min=(X=-13000.551 Y=1241.723 Z=-109.236), Max=(X=-12339.294 Y=2015.024 Z=911.446) RuntimeGrid:None EditorOnly:0 RuntimeOnly:0 HLODRelevant:1 ListedInSceneOutliner:1 IsMainWorldOnly:0
 |   |   |- Guid:691376F64A574610484F28ACB5D0FF26 BaseClass: NativeClass:/Script/Landscape.LandscapeStreamingProxy Name:LandscapeStreamingProxy_B7CTOXMGB0ZE3P7FFDZQVIU93_126_1_3_0 Label:LandscapeStreamingProxy_1_3_0 SpatiallyLoaded:1 Bounds:IsValid=true, Min=(X=-12600.000 Y=12600.000 Z=100.000), Max=(X=0.000 Y=25200.000 Z=3857.031) RuntimeGrid:None EditorOnly:0 RuntimeOnly:0 HLODRelevant:1 ListedInSceneOutliner:1 IsMainWorldOnly:0
 |   |   |- Guid:6AEB4EEF4B3F8E8C47BA158E0B902AFD BaseClass: NativeClass:/Script/Engine.StaticMeshActor Name:StaticMeshActor_UAID_44AF28A6F963B4F801_1093908749 Label:MaterialSphere9 SpatiallyLoaded:1 Bounds:IsValid=true, Min=(X=-4370.000 Y=8660.000 Z=130.000), Max=(X=-4270.000 Y=8760.000 Z=230.000) RuntimeGrid:None EditorOnly:0 RuntimeOnly:0 HLODRelevant:1 ListedInSceneOutliner:1 IsMainWorldOnly:0
 |   |   |- Guid:6B1A9F2743547708D1ECFAB82E657499 BaseClass: NativeClass:/Script/Engine.StaticMeshActor Name:StaticMeshActor_UAID_44AF28A6F963B3F801_1838297563 Label:Cone8 SpatiallyLoaded:1 Bounds:IsValid=true, Min=(X=11256.174 Y=9557.043 Z=542.953), Max=(X=11926.860 Y=9977.395 Z=1584.669) RuntimeGrid:None EditorOnly:0 RuntimeOnly:0 HLODRelevant:1 ListedInSceneOutliner:1 IsMainWorldOnly:0
 |   |   |- Guid:6D97C5954DA678C2F053E0A64F0ADE7E BaseClass: NativeClass:/Script/Landscape.LandscapeStreamingProxy Name:LandscapeStreamingProxy_B7CTOXMGB0ZE3P7FFDZQVIU93_126_1_2_0 Label:LandscapeStreamingProxy_1_2_0 SpatiallyLoaded:1 Bounds:IsValid=true, Min=(X=-12600.000 Y=0.000 Z=100.000), Max=(X=0.000 Y=12600.000 Z=179.688) RuntimeGrid:None EditorOnly:0 RuntimeOnly:0 HLODRelevant:1 ListedInSceneOutliner:1 IsMainWorldOnly:0
 |   |   |- Guid:70378EB54AA9AFF22AD8858DCBE63D4C BaseClass: NativeClass:/Script/Landscape.LandscapeSplineActor Name:LandscapeSplineActor_UAID_44AF28A6F9636FF801_1403395585 Label:LandscapeSplineActor SpatiallyLoaded:1 Bounds:IsValid=true, Min=(X=-20923.840 Y=-11581.960 Z=-28.391), Max=(X=9707.930 Y=14913.075 Z=1135.000) RuntimeGrid:None EditorOnly:0 RuntimeOnly:0 HLODRelevant:1 ListedInSceneOutliner:1 IsMainWorldOnly:0
 |   |   |- Guid:71FDF03F482BB068D04D09A759171420 BaseClass: NativeClass:/Script/LevelSequence.LevelSequenceActor Name:LevelSequenceActor_UAID_44AF28A6F963EAFA01_1315403345 Label:StartSequence SpatiallyLoaded:0 Bounds:IsValid=true, Min=(X=-17690.000 Y=-13010.000 Z=100.000), Max=(X=-17690.000 Y=-13010.000 Z=100.000) RuntimeGrid:None EditorOnly:0 RuntimeOnly:0 HLODRelevant:0 ListedInSceneOutliner:1 IsMainWorldOnly:0
 |   |   |- Guid:7C333F984A12E1D9D0A58188CEFCC2AB BaseClass: NativeClass:/Script/Engine.StaticMeshActor Name:StaticMeshActor_UAID_44AF28A6F963B4F801_1081719747 Label:MaterialSphere7 SpatiallyLoaded:1 Bounds:IsValid=true, Min=(X=-390.000 Y=14380.000 Z=110.000), Max=(X=-290.000 Y=14480.000 Z=210.000) RuntimeGrid:None EditorOnly:0 RuntimeOnly:0 HLODRelevant:1 ListedInSceneOutliner:1 IsMainWorldOnly:0
 |   |   |- Guid:80D7DF8F45FA75E4A6BAD9B0D3B92C8A BaseClass: NativeClass:/Script/Landscape.LandscapeStreamingProxy Name:LandscapeStreamingProxy_B7CTOXMGB0ZE3P7FFDZQVIU93_126_0_3_0 Label:LandscapeStreamingProxy_0_3_0 SpatiallyLoaded:1 Bounds:IsValid=true, Min=(X=-25200.000 Y=12600.000 Z=100.000), Max=(X=-12600.000 Y=25200.000 Z=3429.688) RuntimeGrid:None EditorOnly:0 RuntimeOnly:0 HLODRelevant:1 ListedInSceneOutliner:1 IsMainWorldOnly:0
 |   |   |- Guid:813705E54CD47ACCE05ACEB8435152BA BaseClass: NativeClass:/Script/Engine.WorldDataLayers Name:WorldDataLayers Label:WorldDataLayers SpatiallyLoaded:0 Bounds:Invalid RuntimeGrid:None EditorOnly:0 RuntimeOnly:0 HLODRelevant:0 ListedInSceneOutliner:1 IsMainWorldOnly:1
 |   |   |- Guid:86C85B764B49386AF32F7E902DEF95BA BaseClass: NativeClass:/Script/Engine.StaticMeshActor Name:StaticMeshActor_UAID_44AF28A6F963B3F801_1807238559 Label:Cone4 SpatiallyLoaded:1 Bounds:IsValid=true, Min=(X=370.080 Y=14501.139 Z=-151.168), Max=(X=629.920 Y=15087.329 Z=877.396) RuntimeGrid:None EditorOnly:0 RuntimeOnly:0 HLODRelevant:1 ListedInSceneOutliner:1 IsMainWorldOnly:0
 |   |   |- Guid:876B90434DA45E928404F7A06D934B92 BaseClass: NativeClass:/Script/Engine.StaticMeshActor Name:StaticMeshActor_UAID_44AF28A6F963B3F801_1827275562 Label:Cone7 SpatiallyLoaded:1 Bounds:IsValid=true, Min=(X=11202.126 Y=3824.373 Z=555.543), Max=(X=11499.826 Y=4307.621 Z=1597.373) RuntimeGrid:None EditorOnly:0 RuntimeOnly:0 HLODRelevant:1 ListedInSceneOutliner:1 IsMainWorldOnly:0
 |   |   |- Guid:915E86C9420FE166B582D89F0694AE81 BaseClass: NativeClass:/Script/Landscape.LandscapeStreamingProxy Name:LandscapeStreamingProxy_B7CTOXMGB0ZE3P7FFDZQVIU93_126_0_2_0 Label:LandscapeStreamingProxy_0_2_0 SpatiallyLoaded:1 Bounds:IsValid=true, Min=(X=-25200.000 Y=0.000 Z=100.000), Max=(X=-12600.000 Y=12600.000 Z=3511.719) RuntimeGrid:None EditorOnly:0 RuntimeOnly:0 HLODRelevant:1 ListedInSceneOutliner:1 IsMainWorldOnly:0
 |   |   |- Guid:9268973F4A1CD169D1915FB003C18C86 BaseClass: NativeClass:/Script/Engine.StaticMeshActor Name:StaticMeshActor_UAID_44AF28A6F963B3F801_2090196567 Label:MaterialSphere3 SpatiallyLoaded:1 Bounds:IsValid=true, Min=(X=-10460.000 Y=-1690.000 Z=310.000), Max=(X=-10360.000 Y=-1590.000 Z=410.000) RuntimeGrid:None EditorOnly:0 RuntimeOnly:0 HLODRelevant:1 ListedInSceneOutliner:1 IsMainWorldOnly:0
 |   |   |- Guid:987431CE43FED58B9E0E00B1FED482A1 BaseClass: NativeClass:/Script/Engine.SkyAtmosphere Name:SkyAtmosphere_1 Label:SkyAtmosphere SpatiallyLoaded:0 Bounds:IsValid=true, Min=(X=0.000 Y=0.000 Z=1020.000), Max=(X=0.000 Y=0.000 Z=1020.000) RuntimeGrid:None EditorOnly:0 RuntimeOnly:0 HLODRelevant:0 ListedInSceneOutliner:1 IsMainWorldOnly:0 FolderPath:Lighting FolderGuid:4C9334684BA61B42C769F799D2576455
 |   |   |- Guid:A005EB084251C300D9C4E09420149AA3 BaseClass: NativeClass:/Script/Engine.StaticMeshActor Name:StaticMeshActor_UAID_44AF28A6F963B3F801_1559684551 Label:Box SpatiallyLoaded:1 Bounds:IsValid=true, Min=(X=-9917.149 Y=-1341.479 Z=100.000), Max=(X=-9082.851 Y=-478.521 Z=1100.000) RuntimeGrid:None EditorOnly:0 RuntimeOnly:0 HLODRelevant:1 ListedInSceneOutliner:1 IsMainWorldOnly:0
 |   |   |- Guid:A37E61D74E748380D816B59B4C872056 BaseClass: NativeClass:/Script/Landscape.LandscapeStreamingProxy Name:LandscapeStreamingProxy_B7CTOXMGB0ZE3P7FFDZQVIU93_126_2_1_0 Label:LandscapeStreamingProxy_2_1_0 SpatiallyLoaded:1 Bounds:IsValid=true, Min=(X=0.000 Y=-12600.000 Z=100.000), Max=(X=12600.000 Y=0.000 Z=4785.938) RuntimeGrid:None EditorOnly:0 RuntimeOnly:0 HLODRelevant:1 ListedInSceneOutliner:1 IsMainWorldOnly:0
 |   |   |- Guid:A3A70DE14B830D2B8F4E60BDE1CC03B8 BaseClass: NativeClass:/Script/Landscape.LandscapeStreamingProxy Name:LandscapeStreamingProxy_B7CTOXMGB0ZE3P7FFDZQVIU93_126_3_3_0 Label:LandscapeStreamingProxy_3_3_0 SpatiallyLoaded:1 Bounds:IsValid=true, Min=(X=12600.000 Y=12600.000 Z=100.000), Max=(X=25200.000 Y=25200.000 Z=4454.688) RuntimeGrid:None EditorOnly:0 RuntimeOnly:0 HLODRelevant:1 ListedInSceneOutliner:1 IsMainWorldOnly:0
 |   |   |- Guid:A4B6482943BEB1159208F5963BB4AF40 BaseClass: NativeClass:/Script/Engine.StaticMeshActor Name:StaticMeshActor_UAID_44AF28A6F963B4F801_1075633746 Label:MaterialSphere6 SpatiallyLoaded:1 Bounds:IsValid=true, Min=(X=6620.000 Y=-2180.000 Z=130.000), Max=(X=6720.000 Y=-2080.000 Z=230.000) RuntimeGrid:None EditorOnly:0 RuntimeOnly:0 HLODRelevant:1 ListedInSceneOutliner:1 IsMainWorldOnly:0
 |   |   |- Guid:AA91801B442978F809809ABC2EBB975E BaseClass: NativeClass:/Script/Landscape.LandscapeStreamingProxy Name:LandscapeStreamingProxy_B7CTOXMGB0ZE3P7FFDZQVIU93_126_3_0_0 Label:LandscapeStreamingProxy_3_0_0 SpatiallyLoaded:1 Bounds:IsValid=true, Min=(X=12600.000 Y=-25200.000 Z=100.000), Max=(X=25200.000 Y=-12600.000 Z=1503.906) RuntimeGrid:None EditorOnly:0 RuntimeOnly:0 HLODRelevant:1 ListedInSceneOutliner:1 IsMainWorldOnly:0
 |   |   |- Guid:B46BF35D47DCFDC9DF94D3BBC87B6FA6 BaseClass: NativeClass:/Script/Engine.StaticMeshActor Name:StaticMeshActor_UAID_44AF28A6F963B3F801_1741935556 Label:Cone SpatiallyLoaded:1 Bounds:IsValid=true, Min=(X=-9876.808 Y=8980.597 Z=-133.650), Max=(X=-9290.618 Y=9719.907 Z=887.032) RuntimeGrid:None EditorOnly:0 RuntimeOnly:0 HLODRelevant:1 ListedInSceneOutliner:1 IsMainWorldOnly:0
 |   |   |- Guid:BBB4D89F4A4AB9E51EB7CFAB92FB0267 BaseClass: NativeClass:/Script/Engine.StaticMeshActor Name:StaticMeshActor_UAID_44AF28A6F963B3F801_2108360568 Label:MaterialSphere4 SpatiallyLoaded:1 Bounds:IsValid=true, Min=(X=-9650.000 Y=10430.000 Z=110.000), Max=(X=-9550.000 Y=10530.000 Z=210.000) RuntimeGrid:None EditorOnly:0 RuntimeOnly:0 HLODRelevant:1 ListedInSceneOutliner:1 IsMainWorldOnly:0
 |   |   |- Guid:C209A2D64529BB3167800EA4CDAA454D BaseClass: NativeClass:/Script/Engine.StaticMeshActor Name:StaticMeshActor_UAID_44AF28A6F963B3F801_1815080561 Label:Cone6 SpatiallyLoaded:1 Bounds:IsValid=true, Min=(X=8351.478 Y=5734.263 Z=447.557), Max=(X=8951.350 Y=6041.952 Z=1485.455) RuntimeGrid:None EditorOnly:0 RuntimeOnly:0 HLODRelevant:1 ListedInSceneOutliner:1 IsMainWorldOnly:0
 |   |   |- Guid:CE147FAD4B9E424FC42EE3B1781DC17D BaseClass: NativeClass:/Script/Landscape.LandscapeStreamingProxy Name:LandscapeStreamingProxy_B7CTOXMGB0ZE3P7FFDZQVIU93_126_2_3_0 Label:LandscapeStreamingProxy_2_3_0 SpatiallyLoaded:1 Bounds:IsValid=true, Min=(X=0.000 Y=12600.000 Z=100.000), Max=(X=12600.000 Y=25200.000 Z=4283.594) RuntimeGrid:None EditorOnly:0 RuntimeOnly:0 HLODRelevant:1 ListedInSceneOutliner:1 IsMainWorldOnly:0
 |   |   |- Guid:D0E89E23482C076110639BA4C2942385 BaseClass: NativeClass:/Script/Engine.StaticMeshActor Name:StaticMeshActor_UAID_44AF28A6F963B4F801_1089757748 Label:MaterialSphere8 SpatiallyLoaded:1 Bounds:IsValid=true, Min=(X=-5610.000 Y=4790.000 Z=170.000), Max=(X=-5510.000 Y=4890.000 Z=270.000) RuntimeGrid:None EditorOnly:0 RuntimeOnly:0 HLODRelevant:1 ListedInSceneOutliner:1 IsMainWorldOnly:0
 |   |   |- Guid:D49875ED44EFE1BED3EB0BBCA1E972D2 BaseClass: NativeClass:/Script/Landscape.Landscape Name:Landscape_UAID_44AF28A6F96359F801_1838472711 Label:Landscape SpatiallyLoaded:0 Bounds:IsValid=true, Min=(X=-25200.000 Y=-25200.000 Z=100.000), Max=(X=-25200.000 Y=-25200.000 Z=100.000) RuntimeGrid:None EditorOnly:0 RuntimeOnly:0 HLODRelevant:0 ListedInSceneOutliner:1 IsMainWorldOnly:0
 |   |   |- Guid:D72A52EA4D9D2D621FC468A15466548E BaseClass: NativeClass:/Script/Engine.StaticMeshActor Name:StaticMeshActor_UAID_44AF28A6F963B3F801_1793705558 Label:Cone3 SpatiallyLoaded:1 Bounds:IsValid=true, Min=(X=-5736.387 Y=1623.459 Z=-127.474), Max=(X=-5066.171 Y=2193.372 Z=927.929) RuntimeGrid:None EditorOnly:0 RuntimeOnly:0 HLODRelevant:1 ListedInSceneOutliner:1 IsMainWorldOnly:0
 |   |   |- Guid:D7A24C3A4AAF4D0DC95E43AB86F1BCEB BaseClass: NativeClass:/Script/Engine.DirectionalLight Name:DirectionalLight_1 Label:DirectionalLight SpatiallyLoaded:0 Bounds:Invalid RuntimeGrid:None EditorOnly:0 RuntimeOnly:0 HLODRelevant:0 ListedInSceneOutliner:1 IsMainWorldOnly:0 FolderPath:Lighting FolderGuid:4C9334684BA61B42C769F799D2576455
 |   |   |- Guid:D81C96FE4A5BA359C10E419E6A147A14 BaseClass: NativeClass:/Script/Landscape.LandscapeStreamingProxy Name:LandscapeStreamingProxy_B7CTOXMGB0ZE3P7FFDZQVIU93_126_3_1_0 Label:LandscapeStreamingProxy_3_1_0 SpatiallyLoaded:1 Bounds:IsValid=true, Min=(X=12600.000 Y=-12600.000 Z=100.000), Max=(X=25200.000 Y=0.000 Z=5008.594) RuntimeGrid:None EditorOnly:0 RuntimeOnly:0 HLODRelevant:1 ListedInSceneOutliner:1 IsMainWorldOnly:0
 |   |   |- Guid:DCEDD64D40B2E9C864CEAAA529D00685 BaseClass: NativeClass:/Script/Landscape.LandscapeStreamingProxy Name:LandscapeStreamingProxy_B7CTOXMGB0ZE3P7FFDZQVIU93_126_3_2_0 Label:LandscapeStreamingProxy_3_2_0 SpatiallyLoaded:1 Bounds:IsValid=true, Min=(X=12600.000 Y=0.000 Z=100.000), Max=(X=25200.000 Y=12600.000 Z=4764.062) RuntimeGrid:None EditorOnly:0 RuntimeOnly:0 HLODRelevant:1 ListedInSceneOutliner:1 IsMainWorldOnly:0
 |   |   |- Guid:DD5C8B2F44B0E520CF3DAABA2534D876 BaseClass: NativeClass:/Script/Landscape.LandscapeStreamingProxy Name:LandscapeStreamingProxy_B7CTOXMGB0ZE3P7FFDZQVIU93_126_0_1_0 Label:LandscapeStreamingProxy_0_1_0 SpatiallyLoaded:1 Bounds:IsValid=true, Min=(X=-25200.000 Y=-12600.000 Z=91.406), Max=(X=-12600.000 Y=0.000 Z=4125.000) RuntimeGrid:None EditorOnly:0 RuntimeOnly:0 HLODRelevant:1 ListedInSceneOutliner:1 IsMainWorldOnly:0
 |   |   |- Guid:E02BC06A4490FC33329E179702D5F084 BaseClass: NativeClass:/Script/Landscape.LandscapeStreamingProxy Name:LandscapeStreamingProxy_B7CTOXMGB0ZE3P7FFDZQVIU93_126_1_0_0 Label:LandscapeStreamingProxy_1_0_0 SpatiallyLoaded:1 Bounds:IsValid=true, Min=(X=-12600.000 Y=-25200.000 Z=-58.594), Max=(X=0.000 Y=-12600.000 Z=1903.125) RuntimeGrid:None EditorOnly:0 RuntimeOnly:0 HLODRelevant:1 ListedInSceneOutliner:1 IsMainWorldOnly:0
 |   |   |- Guid:F0D9C832491451E2A5602B8B623AE55E BaseClass: NativeClass:/Script/Engine.StaticMeshActor Name:StaticMeshActor_UAID_44AF28A6F963B3F801_1628543553 Label:Box3 SpatiallyLoaded:1 Bounds:IsValid=true, Min=(X=792.162 Y=13073.387 Z=100.000), Max=(X=1687.838 Y=13986.613 Z=1100.000) RuntimeGrid:None EditorOnly:0 RuntimeOnly:0 HLODRelevant:1 ListedInSceneOutliner:1 IsMainWorldOnly:0
 |   |   |- Guid:F5972B3F401BEF2DA3DA4CABB60C8BB4 BaseClass: NativeClass:/Script/Engine.StaticMeshActor Name:StaticMeshActor_UAID_44AF28A6F963B3F801_2051143566 Label:MaterialSphere2 SpatiallyLoaded:1 Bounds:IsValid=true, Min=(X=-13940.000 Y=2570.000 Z=200.000), Max=(X=-13840.000 Y=2670.000 Z=300.000) RuntimeGrid:None EditorOnly:0 RuntimeOnly:0 HLODRelevant:1 ListedInSceneOutliner:1 IsMainWorldOnly:0
 |   |- [+] Clusters:
 |   |   |- [+] [  0]
 |   |   |   |- Guid:02AA08E64B6DFDB901CAC7BE358AA7F6 BaseClass: NativeClass:/Script/Engine.StaticMeshActor Name:StaticMeshActor_UAID_44AF28A6F963B3F801_1854620564 Label:Cone9 SpatiallyLoaded:1 Bounds:IsValid=true, Min=(X=12344.467 Y=4680.652 Z=638.436), Max=(X=12619.904 Y=5234.347 Z=1673.788) RuntimeGrid:None EditorOnly:0 RuntimeOnly:0 HLODRelevant:1 ListedInSceneOutliner:1 IsMainWorldOnly:0
 |   |   |- [+] [  1]
 |   |   |   |- Guid:0555A88F49C6375C321F9E887A1C5660 BaseClass: NativeClass:/Script/Landscape.LandscapeStreamingProxy Name:LandscapeStreamingProxy_B7CTOXMGB0ZE3P7FFDZQVIU93_126_0_0_0 Label:LandscapeStreamingProxy_0_0_0 SpatiallyLoaded:1 Bounds:IsValid=true, Min=(X=-25200.000 Y=-25200.000 Z=100.000), Max=(X=-12600.000 Y=-12600.000 Z=3583.594) RuntimeGrid:None EditorOnly:0 RuntimeOnly:0 HLODRelevant:1 ListedInSceneOutliner:1 IsMainWorldOnly:0
 |   |   |- [+] [  2]
 |   |   |   |- Guid:1525148A4867EE304E18E49595E22CD5 BaseClass: NativeClass:/Script/Engine.StaticMeshActor Name:StaticMeshActor_UAID_44AF28A6F963B3F801_1607104552 Label:Box2 SpatiallyLoaded:1 Bounds:IsValid=true, Min=(X=-12872.019 Y=8387.108 Z=-214.588), Max=(X=-11732.750 Y=9736.065 Z=753.927) RuntimeGrid:None EditorOnly:0 RuntimeOnly:0 HLODRelevant:1 ListedInSceneOutliner:1 IsMainWorldOnly:0
 |   |   |- [+] [  3]
 |   |   |   |- Guid:167016A445D208FD21935AB66D84ADA5 BaseClass: NativeClass:/Script/Engine.StaticMeshActor Name:StaticMeshActor_UAID_44AF28A6F963B4F801_1109103750 Label:MaterialSphere10 SpatiallyLoaded:1 Bounds:IsValid=true, Min=(X=5710.000 Y=9800.000 Z=110.000), Max=(X=5810.000 Y=9900.000 Z=210.000) RuntimeGrid:None EditorOnly:0 RuntimeOnly:0 HLODRelevant:1 ListedInSceneOutliner:1 IsMainWorldOnly:0
 |   |   |- [+] [  4]
 |   |   |   |- Guid:182D72DC4E51479BE6FC299EB0DA7855 BaseClass: NativeClass:/Script/Engine.ExponentialHeightFog Name:ExponentialHeightFog_1 Label:ExponentialHeightFog SpatiallyLoaded:0 Bounds:IsValid=true, Min=(X=-5600.000 Y=-50.000 Z=-6850.000), Max=(X=-5600.000 Y=-50.000 Z=-6850.000) RuntimeGrid:None EditorOnly:0 RuntimeOnly:0 HLODRelevant:0 ListedInSceneOutliner:1 IsMainWorldOnly:0 FolderPath:Lighting FolderGuid:4C9334684BA61B42C769F799D2576455
 |   |   |- [+] [  5]
 |   |   |   |- Guid:1DAA85A3478BF45D734ACAA4BC08F989 BaseClass: NativeClass:/Script/Engine.PlayerStart Name:PlayerStart_0 Label:PlayerStart SpatiallyLoaded:0 Bounds:IsValid=true, Min=(X=-18090.000 Y=-13030.000 Z=120.013), Max=(X=-17830.000 Y=-12750.000 Z=764.013) RuntimeGrid:None EditorOnly:0 RuntimeOnly:0 HLODRelevant:0 ListedInSceneOutliner:1 IsMainWorldOnly:0
 |   |   |- [+] [  6]
 |   |   |   |- Guid:204BD5504DE7B5BCEBBFF981C715BFEF BaseClass: NativeClass:/Script/Engine.StaticMeshActor Name:StaticMeshActor_UAID_44AF28A6F963B3F801_2043791565 Label:MaterialSphere SpatiallyLoaded:1 Bounds:IsValid=true, Min=(X=-15850.000 Y=4840.000 Z=150.000), Max=(X=-15750.000 Y=4940.000 Z=250.000) RuntimeGrid:None EditorOnly:0 RuntimeOnly:0 HLODRelevant:1 ListedInSceneOutliner:1 IsMainWorldOnly:0
 |   |   |- [+] [  7]
 |   |   |   |- Guid:216F9FA6437D49B667847985F4BBCAAC BaseClass: NativeClass:/Script/Engine.VolumetricCloud Name:VolumetricCloud_0 Label:VolumetricCloud SpatiallyLoaded:0 Bounds:IsValid=true, Min=(X=0.000 Y=0.000 Z=820.000), Max=(X=0.000 Y=0.000 Z=820.000) RuntimeGrid:None EditorOnly:0 RuntimeOnly:0 HLODRelevant:0 ListedInSceneOutliner:1 IsMainWorldOnly:0 FolderPath:Lighting FolderGuid:4C9334684BA61B42C769F799D2576455
 |   |   |- [+] [  8]
 |   |   |   |- Guid:2A601C7B46025DB16AF55593383C2A68 BaseClass: NativeClass:/Script/Landscape.LandscapeStreamingProxy Name:LandscapeStreamingProxy_B7CTOXMGB0ZE3P7FFDZQVIU93_126_1_1_0 Label:LandscapeStreamingProxy_1_1_0 SpatiallyLoaded:1 Bounds:IsValid=true, Min=(X=-12600.000 Y=-12600.000 Z=99.219), Max=(X=0.000 Y=0.000 Z=5946.875) RuntimeGrid:None EditorOnly:0 RuntimeOnly:0 HLODRelevant:1 ListedInSceneOutliner:1 IsMainWorldOnly:0
 |   |   |- [+] [  9]
 |   |   |   |- Guid:2D9519F54EBFB579D155219251578BBC BaseClass: NativeClass:/Script/Engine.SkyLight Name:SkyLight_1 Label:SkyLight SpatiallyLoaded:0 Bounds:IsValid=true, Min=(X=0.000 Y=0.000 Z=690.000), Max=(X=0.000 Y=0.000 Z=690.000) RuntimeGrid:None EditorOnly:0 RuntimeOnly:0 HLODRelevant:0 ListedInSceneOutliner:1 IsMainWorldOnly:0 FolderPath:Lighting FolderGuid:4C9334684BA61B42C769F799D2576455
 |   |   |- [+] [ 10]
 |   |   |   |- Guid:32B8BE5B4E205063125813B0FE17E6C5 BaseClass: NativeClass:/Script/Landscape.LandscapeStreamingProxy Name:LandscapeStreamingProxy_B7CTOXMGB0ZE3P7FFDZQVIU93_126_2_0_0 Label:LandscapeStreamingProxy_2_0_0 SpatiallyLoaded:1 Bounds:IsValid=true, Min=(X=0.000 Y=-25200.000 Z=-57.812), Max=(X=12600.000 Y=-12600.000 Z=2233.594) RuntimeGrid:None EditorOnly:0 RuntimeOnly:0 HLODRelevant:1 ListedInSceneOutliner:1 IsMainWorldOnly:0
 |   |   |- [+] [ 11]
 |   |   |   |- Guid:35C427D74D83E202836A7A9CE5A0BA18 BaseClass: NativeClass:/Script/Landscape.LandscapeStreamingProxy Name:LandscapeStreamingProxy_B7CTOXMGB0ZE3P7FFDZQVIU93_126_2_2_0 Label:LandscapeStreamingProxy_2_2_0 SpatiallyLoaded:1 Bounds:IsValid=true, Min=(X=0.000 Y=0.000 Z=100.000), Max=(X=12600.000 Y=12600.000 Z=1134.375) RuntimeGrid:None EditorOnly:0 RuntimeOnly:0 HLODRelevant:1 ListedInSceneOutliner:1 IsMainWorldOnly:0
 |   |   |- [+] [ 12]
 |   |   |   |- Guid:398F5E3B4C31F598B24BCB828106C077 BaseClass: NativeClass:/Script/Engine.StaticMeshActor Name:StaticMeshActor_UAID_44AF28A6F963B3F801_2143026569 Label:MaterialSphere5 SpatiallyLoaded:1 Bounds:IsValid=true, Min=(X=-570.000 Y=-2400.000 Z=130.000), Max=(X=-470.000 Y=-2300.000 Z=230.000) RuntimeGrid:None EditorOnly:0 RuntimeOnly:0 HLODRelevant:1 ListedInSceneOutliner:1 IsMainWorldOnly:0
 |   |   |- [+] [ 13]
 |   |   |   |- Guid:3E55F71644190D6496BA2FB5086695F1 BaseClass: NativeClass:/Script/Engine.PostProcessVolume Name:PostProcessVolume_1 Label:PostProcessVolume SpatiallyLoaded:0 Bounds:IsValid=true, Min=(X=0.000 Y=0.000 Z=400.000), Max=(X=200.000 Y=200.000 Z=600.000) RuntimeGrid:None EditorOnly:0 RuntimeOnly:0 HLODRelevant:0 ListedInSceneOutliner:1 IsMainWorldOnly:0 FolderPath:Lighting FolderGuid:4C9334684BA61B42C769F799D2576455
 |   |   |- [+] [ 14]
 |   |   |   |- Guid:412E3F6D4F4EEC2E4E27A0BADA01FF33 BaseClass: NativeClass:/Script/Engine.StaticMeshActor Name:StaticMeshActor_UAID_44AF28A6F963B3F801_1659306554 Label:Box4 SpatiallyLoaded:1 Bounds:IsValid=true, Min=(X=4765.902 Y=-3286.952 Z=-199.822), Max=(X=6093.944 Y=-2017.071 Z=741.842) RuntimeGrid:None EditorOnly:0 RuntimeOnly:0 HLODRelevant:1 ListedInSceneOutliner:1 IsMainWorldOnly:0
 |   |   |- [+] [ 15]
 |   |   |   |- Guid:49D4FE8647054915D15AD4B9C9CAF3E6 BaseClass: NativeClass:/Script/Engine.StaticMeshActor Name:StaticMeshActor_UAID_44AF28A6F963B3F801_1678417555 Label:Box5 SpatiallyLoaded:1 Bounds:IsValid=true, Min=(X=4885.902 Y=10537.071 Z=-199.822), Max=(X=6213.944 Y=11806.952 Z=741.842) RuntimeGrid:None EditorOnly:0 RuntimeOnly:0 HLODRelevant:1 ListedInSceneOutliner:1 IsMainWorldOnly:0
 |   |   |- [+] [ 16]
 |   |   |   |- Guid:510310E54CDB69BCFAAD3EA01AB3E349 BaseClass: NativeClass:/Script/Engine.StaticMeshActor Name:StaticMeshActor_UAID_A4AE111137DC5CFB00_1660657071 Label:SM_SkySphere SpatiallyLoaded:0 Bounds:IsValid=true, Min=(X=-1638400.000 Y=-1638400.000 Z=-1638400.000), Max=(X=1638400.000 Y=1638400.000 Z=1638400.000) RuntimeGrid:None EditorOnly:0 RuntimeOnly:0 HLODRelevant:0 ListedInSceneOutliner:1 IsMainWorldOnly:0 FolderPath:Lighting FolderGuid:4C9334684BA61B42C769F799D2576455
 |   |   |- [+] [ 17]
 |   |   |   |- Guid:558D01F14C520A7D052F67AD1154BF02 BaseClass: NativeClass:/Script/Engine.StaticMeshActor Name:StaticMeshActor_UAID_44AF28A6F963B3F801_1810837560 Label:Cone5 SpatiallyLoaded:1 Bounds:IsValid=true, Min=(X=8655.704 Y=9015.113 Z=497.700), Max=(X=9203.920 Y=9460.673 Z=1559.783) RuntimeGrid:None EditorOnly:0 RuntimeOnly:0 HLODRelevant:1 ListedInSceneOutliner:1 IsMainWorldOnly:0
 |   |   |- [+] [ 18]
 |   |   |   |- Guid:65F20093429A41F97A6522A7C066902A BaseClass: NativeClass:/Script/Engine.StaticMeshActor Name:StaticMeshActor_UAID_44AF28A6F963B3F801_1768415557 Label:Cone2 SpatiallyLoaded:1 Bounds:IsValid=true, Min=(X=-13000.551 Y=1241.723 Z=-109.236), Max=(X=-12339.294 Y=2015.024 Z=911.446) RuntimeGrid:None EditorOnly:0 RuntimeOnly:0 HLODRelevant:1 ListedInSceneOutliner:1 IsMainWorldOnly:0
 |   |   |- [+] [ 19]
 |   |   |   |- Guid:691376F64A574610484F28ACB5D0FF26 BaseClass: NativeClass:/Script/Landscape.LandscapeStreamingProxy Name:LandscapeStreamingProxy_B7CTOXMGB0ZE3P7FFDZQVIU93_126_1_3_0 Label:LandscapeStreamingProxy_1_3_0 SpatiallyLoaded:1 Bounds:IsValid=true, Min=(X=-12600.000 Y=12600.000 Z=100.000), Max=(X=0.000 Y=25200.000 Z=3857.031) RuntimeGrid:None EditorOnly:0 RuntimeOnly:0 HLODRelevant:1 ListedInSceneOutliner:1 IsMainWorldOnly:0
 |   |   |- [+] [ 20]
 |   |   |   |- Guid:6AEB4EEF4B3F8E8C47BA158E0B902AFD BaseClass: NativeClass:/Script/Engine.StaticMeshActor Name:StaticMeshActor_UAID_44AF28A6F963B4F801_1093908749 Label:MaterialSphere9 SpatiallyLoaded:1 Bounds:IsValid=true, Min=(X=-4370.000 Y=8660.000 Z=130.000), Max=(X=-4270.000 Y=8760.000 Z=230.000) RuntimeGrid:None EditorOnly:0 RuntimeOnly:0 HLODRelevant:1 ListedInSceneOutliner:1 IsMainWorldOnly:0
 |   |   |- [+] [ 21]
 |   |   |   |- Guid:6B1A9F2743547708D1ECFAB82E657499 BaseClass: NativeClass:/Script/Engine.StaticMeshActor Name:StaticMeshActor_UAID_44AF28A6F963B3F801_1838297563 Label:Cone8 SpatiallyLoaded:1 Bounds:IsValid=true, Min=(X=11256.174 Y=9557.043 Z=542.953), Max=(X=11926.860 Y=9977.395 Z=1584.669) RuntimeGrid:None EditorOnly:0 RuntimeOnly:0 HLODRelevant:1 ListedInSceneOutliner:1 IsMainWorldOnly:0
 |   |   |- [+] [ 22]
 |   |   |   |- Guid:6D97C5954DA678C2F053E0A64F0ADE7E BaseClass: NativeClass:/Script/Landscape.LandscapeStreamingProxy Name:LandscapeStreamingProxy_B7CTOXMGB0ZE3P7FFDZQVIU93_126_1_2_0 Label:LandscapeStreamingProxy_1_2_0 SpatiallyLoaded:1 Bounds:IsValid=true, Min=(X=-12600.000 Y=0.000 Z=100.000), Max=(X=0.000 Y=12600.000 Z=179.688) RuntimeGrid:None EditorOnly:0 RuntimeOnly:0 HLODRelevant:1 ListedInSceneOutliner:1 IsMainWorldOnly:0
 |   |   |- [+] [ 23]
 |   |   |   |- Guid:70378EB54AA9AFF22AD8858DCBE63D4C BaseClass: NativeClass:/Script/Landscape.LandscapeSplineActor Name:LandscapeSplineActor_UAID_44AF28A6F9636FF801_1403395585 Label:LandscapeSplineActor SpatiallyLoaded:1 Bounds:IsValid=true, Min=(X=-20923.840 Y=-11581.960 Z=-28.391), Max=(X=9707.930 Y=14913.075 Z=1135.000) RuntimeGrid:None EditorOnly:0 RuntimeOnly:0 HLODRelevant:1 ListedInSceneOutliner:1 IsMainWorldOnly:0
 |   |   |- [+] [ 24]
 |   |   |   |- Guid:71FDF03F482BB068D04D09A759171420 BaseClass: NativeClass:/Script/LevelSequence.LevelSequenceActor Name:LevelSequenceActor_UAID_44AF28A6F963EAFA01_1315403345 Label:StartSequence SpatiallyLoaded:0 Bounds:IsValid=true, Min=(X=-17690.000 Y=-13010.000 Z=100.000), Max=(X=-17690.000 Y=-13010.000 Z=100.000) RuntimeGrid:None EditorOnly:0 RuntimeOnly:0 HLODRelevant:0 ListedInSceneOutliner:1 IsMainWorldOnly:0
 |   |   |- [+] [ 25]
 |   |   |   |- Guid:7C333F984A12E1D9D0A58188CEFCC2AB BaseClass: NativeClass:/Script/Engine.StaticMeshActor Name:StaticMeshActor_UAID_44AF28A6F963B4F801_1081719747 Label:MaterialSphere7 SpatiallyLoaded:1 Bounds:IsValid=true, Min=(X=-390.000 Y=14380.000 Z=110.000), Max=(X=-290.000 Y=14480.000 Z=210.000) RuntimeGrid:None EditorOnly:0 RuntimeOnly:0 HLODRelevant:1 ListedInSceneOutliner:1 IsMainWorldOnly:0
 |   |   |- [+] [ 26]
 |   |   |   |- Guid:80D7DF8F45FA75E4A6BAD9B0D3B92C8A BaseClass: NativeClass:/Script/Landscape.LandscapeStreamingProxy Name:LandscapeStreamingProxy_B7CTOXMGB0ZE3P7FFDZQVIU93_126_0_3_0 Label:LandscapeStreamingProxy_0_3_0 SpatiallyLoaded:1 Bounds:IsValid=true, Min=(X=-25200.000 Y=12600.000 Z=100.000), Max=(X=-12600.000 Y=25200.000 Z=3429.688) RuntimeGrid:None EditorOnly:0 RuntimeOnly:0 HLODRelevant:1 ListedInSceneOutliner:1 IsMainWorldOnly:0
 |   |   |- [+] [ 27]
 |   |   |   |- Guid:813705E54CD47ACCE05ACEB8435152BA BaseClass: NativeClass:/Script/Engine.WorldDataLayers Name:WorldDataLayers Label:WorldDataLayers SpatiallyLoaded:0 Bounds:Invalid RuntimeGrid:None EditorOnly:0 RuntimeOnly:0 HLODRelevant:0 ListedInSceneOutliner:1 IsMainWorldOnly:1
 |   |   |- [+] [ 28]
 |   |   |   |- Guid:86C85B764B49386AF32F7E902DEF95BA BaseClass: NativeClass:/Script/Engine.StaticMeshActor Name:StaticMeshActor_UAID_44AF28A6F963B3F801_1807238559 Label:Cone4 SpatiallyLoaded:1 Bounds:IsValid=true, Min=(X=370.080 Y=14501.139 Z=-151.168), Max=(X=629.920 Y=15087.329 Z=877.396) RuntimeGrid:None EditorOnly:0 RuntimeOnly:0 HLODRelevant:1 ListedInSceneOutliner:1 IsMainWorldOnly:0
 |   |   |- [+] [ 29]
 |   |   |   |- Guid:876B90434DA45E928404F7A06D934B92 BaseClass: NativeClass:/Script/Engine.StaticMeshActor Name:StaticMeshActor_UAID_44AF28A6F963B3F801_1827275562 Label:Cone7 SpatiallyLoaded:1 Bounds:IsValid=true, Min=(X=11202.126 Y=3824.373 Z=555.543), Max=(X=11499.826 Y=4307.621 Z=1597.373) RuntimeGrid:None EditorOnly:0 RuntimeOnly:0 HLODRelevant:1 ListedInSceneOutliner:1 IsMainWorldOnly:0
 |   |   |- [+] [ 30]
 |   |   |   |- Guid:915E86C9420FE166B582D89F0694AE81 BaseClass: NativeClass:/Script/Landscape.LandscapeStreamingProxy Name:LandscapeStreamingProxy_B7CTOXMGB0ZE3P7FFDZQVIU93_126_0_2_0 Label:LandscapeStreamingProxy_0_2_0 SpatiallyLoaded:1 Bounds:IsValid=true, Min=(X=-25200.000 Y=0.000 Z=100.000), Max=(X=-12600.000 Y=12600.000 Z=3511.719) RuntimeGrid:None EditorOnly:0 RuntimeOnly:0 HLODRelevant:1 ListedInSceneOutliner:1 IsMainWorldOnly:0
 |   |   |- [+] [ 31]
 |   |   |   |- Guid:9268973F4A1CD169D1915FB003C18C86 BaseClass: NativeClass:/Script/Engine.StaticMeshActor Name:StaticMeshActor_UAID_44AF28A6F963B3F801_2090196567 Label:MaterialSphere3 SpatiallyLoaded:1 Bounds:IsValid=true, Min=(X=-10460.000 Y=-1690.000 Z=310.000), Max=(X=-10360.000 Y=-1590.000 Z=410.000) RuntimeGrid:None EditorOnly:0 RuntimeOnly:0 HLODRelevant:1 ListedInSceneOutliner:1 IsMainWorldOnly:0
 |   |   |- [+] [ 32]
 |   |   |   |- Guid:987431CE43FED58B9E0E00B1FED482A1 BaseClass: NativeClass:/Script/Engine.SkyAtmosphere Name:SkyAtmosphere_1 Label:SkyAtmosphere SpatiallyLoaded:0 Bounds:IsValid=true, Min=(X=0.000 Y=0.000 Z=1020.000), Max=(X=0.000 Y=0.000 Z=1020.000) RuntimeGrid:None EditorOnly:0 RuntimeOnly:0 HLODRelevant:0 ListedInSceneOutliner:1 IsMainWorldOnly:0 FolderPath:Lighting FolderGuid:4C9334684BA61B42C769F799D2576455
 |   |   |- [+] [ 33]
 |   |   |   |- Guid:A005EB084251C300D9C4E09420149AA3 BaseClass: NativeClass:/Script/Engine.StaticMeshActor Name:StaticMeshActor_UAID_44AF28A6F963B3F801_1559684551 Label:Box SpatiallyLoaded:1 Bounds:IsValid=true, Min=(X=-9917.149 Y=-1341.479 Z=100.000), Max=(X=-9082.851 Y=-478.521 Z=1100.000) RuntimeGrid:None EditorOnly:0 RuntimeOnly:0 HLODRelevant:1 ListedInSceneOutliner:1 IsMainWorldOnly:0
 |   |   |- [+] [ 34]
 |   |   |   |- Guid:A37E61D74E748380D816B59B4C872056 BaseClass: NativeClass:/Script/Landscape.LandscapeStreamingProxy Name:LandscapeStreamingProxy_B7CTOXMGB0ZE3P7FFDZQVIU93_126_2_1_0 Label:LandscapeStreamingProxy_2_1_0 SpatiallyLoaded:1 Bounds:IsValid=true, Min=(X=0.000 Y=-12600.000 Z=100.000), Max=(X=12600.000 Y=0.000 Z=4785.938) RuntimeGrid:None EditorOnly:0 RuntimeOnly:0 HLODRelevant:1 ListedInSceneOutliner:1 IsMainWorldOnly:0
 |   |   |- [+] [ 35]
 |   |   |   |- Guid:A3A70DE14B830D2B8F4E60BDE1CC03B8 BaseClass: NativeClass:/Script/Landscape.LandscapeStreamingProxy Name:LandscapeStreamingProxy_B7CTOXMGB0ZE3P7FFDZQVIU93_126_3_3_0 Label:LandscapeStreamingProxy_3_3_0 SpatiallyLoaded:1 Bounds:IsValid=true, Min=(X=12600.000 Y=12600.000 Z=100.000), Max=(X=25200.000 Y=25200.000 Z=4454.688) RuntimeGrid:None EditorOnly:0 RuntimeOnly:0 HLODRelevant:1 ListedInSceneOutliner:1 IsMainWorldOnly:0
 |   |   |- [+] [ 36]
 |   |   |   |- Guid:A4B6482943BEB1159208F5963BB4AF40 BaseClass: NativeClass:/Script/Engine.StaticMeshActor Name:StaticMeshActor_UAID_44AF28A6F963B4F801_1075633746 Label:MaterialSphere6 SpatiallyLoaded:1 Bounds:IsValid=true, Min=(X=6620.000 Y=-2180.000 Z=130.000), Max=(X=6720.000 Y=-2080.000 Z=230.000) RuntimeGrid:None EditorOnly:0 RuntimeOnly:0 HLODRelevant:1 ListedInSceneOutliner:1 IsMainWorldOnly:0
 |   |   |- [+] [ 37]
 |   |   |   |- Guid:AA91801B442978F809809ABC2EBB975E BaseClass: NativeClass:/Script/Landscape.LandscapeStreamingProxy Name:LandscapeStreamingProxy_B7CTOXMGB0ZE3P7FFDZQVIU93_126_3_0_0 Label:LandscapeStreamingProxy_3_0_0 SpatiallyLoaded:1 Bounds:IsValid=true, Min=(X=12600.000 Y=-25200.000 Z=100.000), Max=(X=25200.000 Y=-12600.000 Z=1503.906) RuntimeGrid:None EditorOnly:0 RuntimeOnly:0 HLODRelevant:1 ListedInSceneOutliner:1 IsMainWorldOnly:0
 |   |   |- [+] [ 38]
 |   |   |   |- Guid:B46BF35D47DCFDC9DF94D3BBC87B6FA6 BaseClass: NativeClass:/Script/Engine.StaticMeshActor Name:StaticMeshActor_UAID_44AF28A6F963B3F801_1741935556 Label:Cone SpatiallyLoaded:1 Bounds:IsValid=true, Min=(X=-9876.808 Y=8980.597 Z=-133.650), Max=(X=-9290.618 Y=9719.907 Z=887.032) RuntimeGrid:None EditorOnly:0 RuntimeOnly:0 HLODRelevant:1 ListedInSceneOutliner:1 IsMainWorldOnly:0
 |   |   |- [+] [ 39]
 |   |   |   |- Guid:BBB4D89F4A4AB9E51EB7CFAB92FB0267 BaseClass: NativeClass:/Script/Engine.StaticMeshActor Name:StaticMeshActor_UAID_44AF28A6F963B3F801_2108360568 Label:MaterialSphere4 SpatiallyLoaded:1 Bounds:IsValid=true, Min=(X=-9650.000 Y=10430.000 Z=110.000), Max=(X=-9550.000 Y=10530.000 Z=210.000) RuntimeGrid:None EditorOnly:0 RuntimeOnly:0 HLODRelevant:1 ListedInSceneOutliner:1 IsMainWorldOnly:0
 |   |   |- [+] [ 40]
 |   |   |   |- Guid:C209A2D64529BB3167800EA4CDAA454D BaseClass: NativeClass:/Script/Engine.StaticMeshActor Name:StaticMeshActor_UAID_44AF28A6F963B3F801_1815080561 Label:Cone6 SpatiallyLoaded:1 Bounds:IsValid=true, Min=(X=8351.478 Y=5734.263 Z=447.557), Max=(X=8951.350 Y=6041.952 Z=1485.455) RuntimeGrid:None EditorOnly:0 RuntimeOnly:0 HLODRelevant:1 ListedInSceneOutliner:1 IsMainWorldOnly:0
 |   |   |- [+] [ 41]
 |   |   |   |- Guid:CE147FAD4B9E424FC42EE3B1781DC17D BaseClass: NativeClass:/Script/Landscape.LandscapeStreamingProxy Name:LandscapeStreamingProxy_B7CTOXMGB0ZE3P7FFDZQVIU93_126_2_3_0 Label:LandscapeStreamingProxy_2_3_0 SpatiallyLoaded:1 Bounds:IsValid=true, Min=(X=0.000 Y=12600.000 Z=100.000), Max=(X=12600.000 Y=25200.000 Z=4283.594) RuntimeGrid:None EditorOnly:0 RuntimeOnly:0 HLODRelevant:1 ListedInSceneOutliner:1 IsMainWorldOnly:0
 |   |   |- [+] [ 42]
 |   |   |   |- Guid:D0E89E23482C076110639BA4C2942385 BaseClass: NativeClass:/Script/Engine.StaticMeshActor Name:StaticMeshActor_UAID_44AF28A6F963B4F801_1089757748 Label:MaterialSphere8 SpatiallyLoaded:1 Bounds:IsValid=true, Min=(X=-5610.000 Y=4790.000 Z=170.000), Max=(X=-5510.000 Y=4890.000 Z=270.000) RuntimeGrid:None EditorOnly:0 RuntimeOnly:0 HLODRelevant:1 ListedInSceneOutliner:1 IsMainWorldOnly:0
 |   |   |- [+] [ 43]
 |   |   |   |- Guid:D49875ED44EFE1BED3EB0BBCA1E972D2 BaseClass: NativeClass:/Script/Landscape.Landscape Name:Landscape_UAID_44AF28A6F96359F801_1838472711 Label:Landscape SpatiallyLoaded:0 Bounds:IsValid=true, Min=(X=-25200.000 Y=-25200.000 Z=100.000), Max=(X=-25200.000 Y=-25200.000 Z=100.000) RuntimeGrid:None EditorOnly:0 RuntimeOnly:0 HLODRelevant:0 ListedInSceneOutliner:1 IsMainWorldOnly:0
 |   |   |- [+] [ 44]
 |   |   |   |- Guid:D72A52EA4D9D2D621FC468A15466548E BaseClass: NativeClass:/Script/Engine.StaticMeshActor Name:StaticMeshActor_UAID_44AF28A6F963B3F801_1793705558 Label:Cone3 SpatiallyLoaded:1 Bounds:IsValid=true, Min=(X=-5736.387 Y=1623.459 Z=-127.474), Max=(X=-5066.171 Y=2193.372 Z=927.929) RuntimeGrid:None EditorOnly:0 RuntimeOnly:0 HLODRelevant:1 ListedInSceneOutliner:1 IsMainWorldOnly:0
 |   |   |- [+] [ 45]
 |   |   |   |- Guid:D7A24C3A4AAF4D0DC95E43AB86F1BCEB BaseClass: NativeClass:/Script/Engine.DirectionalLight Name:DirectionalLight_1 Label:DirectionalLight SpatiallyLoaded:0 Bounds:Invalid RuntimeGrid:None EditorOnly:0 RuntimeOnly:0 HLODRelevant:0 ListedInSceneOutliner:1 IsMainWorldOnly:0 FolderPath:Lighting FolderGuid:4C9334684BA61B42C769F799D2576455
 |   |   |- [+] [ 46]
 |   |   |   |- Guid:D81C96FE4A5BA359C10E419E6A147A14 BaseClass: NativeClass:/Script/Landscape.LandscapeStreamingProxy Name:LandscapeStreamingProxy_B7CTOXMGB0ZE3P7FFDZQVIU93_126_3_1_0 Label:LandscapeStreamingProxy_3_1_0 SpatiallyLoaded:1 Bounds:IsValid=true, Min=(X=12600.000 Y=-12600.000 Z=100.000), Max=(X=25200.000 Y=0.000 Z=5008.594) RuntimeGrid:None EditorOnly:0 RuntimeOnly:0 HLODRelevant:1 ListedInSceneOutliner:1 IsMainWorldOnly:0
 |   |   |- [+] [ 47]
 |   |   |   |- Guid:DCEDD64D40B2E9C864CEAAA529D00685 BaseClass: NativeClass:/Script/Landscape.LandscapeStreamingProxy Name:LandscapeStreamingProxy_B7CTOXMGB0ZE3P7FFDZQVIU93_126_3_2_0 Label:LandscapeStreamingProxy_3_2_0 SpatiallyLoaded:1 Bounds:IsValid=true, Min=(X=12600.000 Y=0.000 Z=100.000), Max=(X=25200.000 Y=12600.000 Z=4764.062) RuntimeGrid:None EditorOnly:0 RuntimeOnly:0 HLODRelevant:1 ListedInSceneOutliner:1 IsMainWorldOnly:0
 |   |   |- [+] [ 48]
 |   |   |   |- Guid:DD5C8B2F44B0E520CF3DAABA2534D876 BaseClass: NativeClass:/Script/Landscape.LandscapeStreamingProxy Name:LandscapeStreamingProxy_B7CTOXMGB0ZE3P7FFDZQVIU93_126_0_1_0 Label:LandscapeStreamingProxy_0_1_0 SpatiallyLoaded:1 Bounds:IsValid=true, Min=(X=-25200.000 Y=-12600.000 Z=91.406), Max=(X=-12600.000 Y=0.000 Z=4125.000) RuntimeGrid:None EditorOnly:0 RuntimeOnly:0 HLODRelevant:1 ListedInSceneOutliner:1 IsMainWorldOnly:0
 |   |   |- [+] [ 49]
 |   |   |   |- Guid:E02BC06A4490FC33329E179702D5F084 BaseClass: NativeClass:/Script/Landscape.LandscapeStreamingProxy Name:LandscapeStreamingProxy_B7CTOXMGB0ZE3P7FFDZQVIU93_126_1_0_0 Label:LandscapeStreamingProxy_1_0_0 SpatiallyLoaded:1 Bounds:IsValid=true, Min=(X=-12600.000 Y=-25200.000 Z=-58.594), Max=(X=0.000 Y=-12600.000 Z=1903.125) RuntimeGrid:None EditorOnly:0 RuntimeOnly:0 HLODRelevant:1 ListedInSceneOutliner:1 IsMainWorldOnly:0
 |   |   |- [+] [ 50]
 |   |   |   |- Guid:F0D9C832491451E2A5602B8B623AE55E BaseClass: NativeClass:/Script/Engine.StaticMeshActor Name:StaticMeshActor_UAID_44AF28A6F963B3F801_1628543553 Label:Box3 SpatiallyLoaded:1 Bounds:IsValid=true, Min=(X=792.162 Y=13073.387 Z=100.000), Max=(X=1687.838 Y=13986.613 Z=1100.000) RuntimeGrid:None EditorOnly:0 RuntimeOnly:0 HLODRelevant:1 ListedInSceneOutliner:1 IsMainWorldOnly:0
 |   |   |- [+] [ 51]
 |   |   |   |- Guid:F5972B3F401BEF2DA3DA4CABB60C8BB4 BaseClass: NativeClass:/Script/Engine.StaticMeshActor Name:StaticMeshActor_UAID_44AF28A6F963B3F801_2051143566 Label:MaterialSphere2 SpatiallyLoaded:1 Bounds:IsValid=true, Min=(X=-13940.000 Y=2570.000 Z=200.000), Max=(X=-13840.000 Y=2670.000 Z=300.000) RuntimeGrid:None EditorOnly:0 RuntimeOnly:0 HLODRelevant:1 ListedInSceneOutliner:1 IsMainWorldOnly:0
 |- ContainerInstances:
 |- [+] MainContainer:
 |   |-        ID: 00000000000000000000000000000000
 |   |-  ParentID: 00000000000000000000000000000000
 |   |-    Bounds: IsValid=false, Min=(X=0.000 Y=0.000 Z=0.000), Max=(X=0.000 Y=0.000 Z=0.000)
 |   |- Transform: 0.000000,0.000000,0.000000|0.000000,0.000000,-0.000000|1.000000,1.000000,1.000000
 |   |- Container: /Game/UI/CodeBreaker1
----------------------------------------------------------------------------------------------------------------
CodeBreaker1 - Persistent Level
----------------------------------------------------------------------------------------------------------------
[+] Content of CodeBreaker1 Persistent Level
 |- Always loaded Actor Count: 52 
 |- Actor Path: /Game/UI/UEDPIE_0_CodeBreaker1.CodeBreaker1:PersistentLevel.DirectionalLight_1
 |- Actor Package: /Game/UI/UEDPIE_0_CodeBreaker1_InstanceOf_/Game/__ExternalActors__/UI/CodeBreaker1/6/B8/PQY2AW8Z8A3FF05X0VH4FX
 |- Actor Path: /Game/UI/UEDPIE_0_CodeBreaker1.CodeBreaker1:PersistentLevel.ExponentialHeightFog_1
 |- Actor Package: /Game/UI/UEDPIE_0_CodeBreaker1_InstanceOf_/Game/__ExternalActors__/UI/CodeBreaker1/5/0G/X9VS31YJ25J5FVCKM6370C
 |- Actor Path: /Game/UI/UEDPIE_0_CodeBreaker1.CodeBreaker1:PersistentLevel.Landscape_UAID_44AF28A6F96359F801_1838472711
 |- Actor Package: /Game/UI/UEDPIE_0_CodeBreaker1_InstanceOf_/Game/__ExternalActors__/UI/CodeBreaker1/7/RO/XK1Q9IX841YRG5WCCB8F3B
 |- Actor Path: /Game/UI/UEDPIE_0_CodeBreaker1.CodeBreaker1:PersistentLevel.LandscapeSplineActor_UAID_44AF28A6F9636FF801_1403395585
 |- Actor Package: /Game/UI/UEDPIE_0_CodeBreaker1_InstanceOf_/Game/__ExternalActors__/UI/CodeBreaker1/7/ST/QZ1A7F8WSCMPY1U87VG9SU
 |- Actor Path: /Game/UI/UEDPIE_0_CodeBreaker1.CodeBreaker1:PersistentLevel.LandscapeStreamingProxy_B7CTOXMGB0ZE3P7FFDZQVIU93_126_0_0_0
 |- Actor Package: /Game/UI/UEDPIE_0_CodeBreaker1_InstanceOf_/Game/__ExternalActors__/UI/CodeBreaker1/B/WH/4IXJZ74Z6PTEE4QSCJMYI3
 |- Actor Path: /Game/UI/UEDPIE_0_CodeBreaker1.CodeBreaker1:PersistentLevel.LandscapeStreamingProxy_B7CTOXMGB0ZE3P7FFDZQVIU93_126_0_1_0
 |- Actor Package: /Game/UI/UEDPIE_0_CodeBreaker1_InstanceOf_/Game/__ExternalActors__/UI/CodeBreaker1/C/YC/A0FNASRHESVG8RX9130OZS
 |- Actor Path: /Game/UI/UEDPIE_0_CodeBreaker1.CodeBreaker1:PersistentLevel.LandscapeStreamingProxy_B7CTOXMGB0ZE3P7FFDZQVIU93_126_0_2_0
 |- Actor Package: /Game/UI/UEDPIE_0_CodeBreaker1_InstanceOf_/Game/__ExternalActors__/UI/CodeBreaker1/6/5X/FBT6V2TBXWQP7BVUYUTS5V
 |- Actor Path: /Game/UI/UEDPIE_0_CodeBreaker1.CodeBreaker1:PersistentLevel.LandscapeStreamingProxy_B7CTOXMGB0ZE3P7FFDZQVIU93_126_0_3_0
 |- Actor Package: /Game/UI/UEDPIE_0_CodeBreaker1_InstanceOf_/Game/__ExternalActors__/UI/CodeBreaker1/2/DF/6OAK91LI7YZ149M0VZGM31
 |- Actor Path: /Game/UI/UEDPIE_0_CodeBreaker1.CodeBreaker1:PersistentLevel.LandscapeStreamingProxy_B7CTOXMGB0ZE3P7FFDZQVIU93_126_1_0_0
 |- Actor Package: /Game/UI/UEDPIE_0_CodeBreaker1_InstanceOf_/Game/__ExternalActors__/UI/CodeBreaker1/4/97/QPIQRONX6NHKM85YGGYZRE
 |- Actor Path: /Game/UI/UEDPIE_0_CodeBreaker1.CodeBreaker1:PersistentLevel.LandscapeStreamingProxy_B7CTOXMGB0ZE3P7FFDZQVIU93_126_1_1_0
 |- Actor Package: /Game/UI/UEDPIE_0_CodeBreaker1_InstanceOf_/Game/__ExternalActors__/UI/CodeBreaker1/B/8H/9LBWPKDGUUVC8DZ5I5KLRY
 |- Actor Path: /Game/UI/UEDPIE_0_CodeBreaker1.CodeBreaker1:PersistentLevel.LandscapeStreamingProxy_B7CTOXMGB0ZE3P7FFDZQVIU93_126_1_2_0
 |- Actor Package: /Game/UI/UEDPIE_0_CodeBreaker1_InstanceOf_/Game/__ExternalActors__/UI/CodeBreaker1/6/40/LAARDJM69AL6CEFH0B45K5
 |- Actor Path: /Game/UI/UEDPIE_0_CodeBreaker1.CodeBreaker1:PersistentLevel.LandscapeStreamingProxy_B7CTOXMGB0ZE3P7FFDZQVIU93_126_1_3_0
 |- Actor Package: /Game/UI/UEDPIE_0_CodeBreaker1_InstanceOf_/Game/__ExternalActors__/UI/CodeBreaker1/E/0U/ULZZ6Q5RJTTMF8RGVTKK8L
 |- Actor Path: /Game/UI/UEDPIE_0_CodeBreaker1.CodeBreaker1:PersistentLevel.LandscapeStreamingProxy_B7CTOXMGB0ZE3P7FFDZQVIU93_126_2_0_0
 |- Actor Package: /Game/UI/UEDPIE_0_CodeBreaker1_InstanceOf_/Game/__ExternalActors__/UI/CodeBreaker1/1/FU/37K8LASEFQAE7M8I2AAAZQ
 |- Actor Path: /Game/UI/UEDPIE_0_CodeBreaker1.CodeBreaker1:PersistentLevel.LandscapeStreamingProxy_B7CTOXMGB0ZE3P7FFDZQVIU93_126_2_1_0
 |- Actor Package: /Game/UI/UEDPIE_0_CodeBreaker1_InstanceOf_/Game/__ExternalActors__/UI/CodeBreaker1/3/Q1/1LCN6U4ZP57P1IVDQEUIKH
 |- Actor Path: /Game/UI/UEDPIE_0_CodeBreaker1.CodeBreaker1:PersistentLevel.LandscapeStreamingProxy_B7CTOXMGB0ZE3P7FFDZQVIU93_126_2_2_0
 |- Actor Package: /Game/UI/UEDPIE_0_CodeBreaker1_InstanceOf_/Game/__ExternalActors__/UI/CodeBreaker1/9/BI/4DOF7TLMICECN0GN8SQJH3
 |- Actor Path: /Game/UI/UEDPIE_0_CodeBreaker1.CodeBreaker1:PersistentLevel.LandscapeStreamingProxy_B7CTOXMGB0ZE3P7FFDZQVIU93_126_2_3_0
 |- Actor Package: /Game/UI/UEDPIE_0_CodeBreaker1_InstanceOf_/Game/__ExternalActors__/UI/CodeBreaker1/2/QY/D6FD444LHHB2F26U0C9TR5
 |- Actor Path: /Game/UI/UEDPIE_0_CodeBreaker1.CodeBreaker1:PersistentLevel.LandscapeStreamingProxy_B7CTOXMGB0ZE3P7FFDZQVIU93_126_3_0_0
 |- Actor Package: /Game/UI/UEDPIE_0_CodeBreaker1_InstanceOf_/Game/__ExternalActors__/UI/CodeBreaker1/8/C4/KZTW4BRZZNN8ZWWGSB9AJS
 |- Actor Path: /Game/UI/UEDPIE_0_CodeBreaker1.CodeBreaker1:PersistentLevel.LandscapeStreamingProxy_B7CTOXMGB0ZE3P7FFDZQVIU93_126_3_1_0
 |- Actor Package: /Game/UI/UEDPIE_0_CodeBreaker1_InstanceOf_/Game/__ExternalActors__/UI/CodeBreaker1/2/FQ/I79H2UJ6U971812161YWPR
 |- Actor Path: /Game/UI/UEDPIE_0_CodeBreaker1.CodeBreaker1:PersistentLevel.LandscapeStreamingProxy_B7CTOXMGB0ZE3P7FFDZQVIU93_126_3_2_0
 |- Actor Package: /Game/UI/UEDPIE_0_CodeBreaker1_InstanceOf_/Game/__ExternalActors__/UI/CodeBreaker1/5/W5/4MJBWRB0UUZ6UCHG545LWK
 |- Actor Path: /Game/UI/UEDPIE_0_CodeBreaker1.CodeBreaker1:PersistentLevel.LandscapeStreamingProxy_B7CTOXMGB0ZE3P7FFDZQVIU93_126_3_3_0
 |- Actor Package: /Game/UI/UEDPIE_0_CodeBreaker1_InstanceOf_/Game/__ExternalActors__/UI/CodeBreaker1/D/IB/FXQIUAXT2TAMLWZKP4P13Y
 |- Actor Path: /Game/UI/UEDPIE_0_CodeBreaker1.CodeBreaker1:PersistentLevel.LevelSequenceActor_UAID_44AF28A6F963EAFA01_1315403345
 |- Actor Package: /Game/__ExternalActors__/UI/CodeBreaker1/3/3V/B4QS51S0DNZ6YXF0RHKUJH
 |- Actor Path: /Game/UI/UEDPIE_0_CodeBreaker1.CodeBreaker1:PersistentLevel.PlayerStart_0
 |- Actor Package: /Game/UI/UEDPIE_0_CodeBreaker1_InstanceOf_/Game/__ExternalActors__/UI/CodeBreaker1/0/6T/X7G2XXK9Q480C340UMIJQO
 |- Actor Path: /Game/UI/UEDPIE_0_CodeBreaker1.CodeBreaker1:PersistentLevel.PostProcessVolume_1
 |- Actor Package: /Game/UI/UEDPIE_0_CodeBreaker1_InstanceOf_/Game/__ExternalActors__/UI/CodeBreaker1/3/F2/8YHG7X8NHOMG5K72KGJ1OZ
 |- Actor Path: /Game/UI/UEDPIE_0_CodeBreaker1.CodeBreaker1:PersistentLevel.SkyAtmosphere_1
 |- Actor Package: /Game/UI/UEDPIE_0_CodeBreaker1_InstanceOf_/Game/__ExternalActors__/UI/CodeBreaker1/D/9B/4N0ZA9AMX106SC2SEXQP1V
 |- Actor Path: /Game/UI/UEDPIE_0_CodeBreaker1.CodeBreaker1:PersistentLevel.SkyLight_1
 |- Actor Package: /Game/UI/UEDPIE_0_CodeBreaker1_InstanceOf_/Game/__ExternalActors__/UI/CodeBreaker1/1/99/GS4RORDEJAAAKIEX5P7BZI
 |- Actor Path: /Game/UI/UEDPIE_0_CodeBreaker1.CodeBreaker1:PersistentLevel.StaticMeshActor_UAID_44AF28A6F963B3F801_1559684551
 |- Actor Package: /Game/UI/UEDPIE_0_CodeBreaker1_InstanceOf_/Game/__ExternalActors__/UI/CodeBreaker1/5/5J/43V88F4GCYUEJLMK35QRQ8
 |- Actor Path: /Game/UI/UEDPIE_0_CodeBreaker1.CodeBreaker1:PersistentLevel.StaticMeshActor_UAID_44AF28A6F963B3F801_1607104552
 |- Actor Package: /Game/UI/UEDPIE_0_CodeBreaker1_InstanceOf_/Game/__ExternalActors__/UI/CodeBreaker1/C/3K/1GTT0KQJR7YC200N6TPHF9
 |- Actor Path: /Game/UI/UEDPIE_0_CodeBreaker1.CodeBreaker1:PersistentLevel.StaticMeshActor_UAID_44AF28A6F963B3F801_1628543553
 |- Actor Package: /Game/UI/UEDPIE_0_CodeBreaker1_InstanceOf_/Game/__ExternalActors__/UI/CodeBreaker1/2/5Y/EMWFD0MVU2QC5WKSN1GI9S
 |- Actor Path: /Game/UI/UEDPIE_0_CodeBreaker1.CodeBreaker1:PersistentLevel.StaticMeshActor_UAID_44AF28A6F963B3F801_1659306554
 |- Actor Package: /Game/UI/UEDPIE_0_CodeBreaker1_InstanceOf_/Game/__ExternalActors__/UI/CodeBreaker1/4/Y5/ZHQEM0PXOXL34JD7JCFL9P
 |- Actor Path: /Game/UI/UEDPIE_0_CodeBreaker1.CodeBreaker1:PersistentLevel.StaticMeshActor_UAID_44AF28A6F963B3F801_1678417555
 |- Actor Package: /Game/UI/UEDPIE_0_CodeBreaker1_InstanceOf_/Game/__ExternalActors__/UI/CodeBreaker1/0/Q8/D2HOH3MYPRUY7LFL224WAS
 |- Actor Path: /Game/UI/UEDPIE_0_CodeBreaker1.CodeBreaker1:PersistentLevel.StaticMeshActor_UAID_44AF28A6F963B3F801_1741935556
 |- Actor Package: /Game/UI/UEDPIE_0_CodeBreaker1_InstanceOf_/Game/__ExternalActors__/UI/CodeBreaker1/0/Q3/UFBI7H9IHWY5ODPRNOX586
 |- Actor Path: /Game/UI/UEDPIE_0_CodeBreaker1.CodeBreaker1:PersistentLevel.StaticMeshActor_UAID_44AF28A6F963B3F801_1768415557
 |- Actor Package: /Game/UI/UEDPIE_0_CodeBreaker1_InstanceOf_/Game/__ExternalActors__/UI/CodeBreaker1/E/59/FU1GHQS7JB2U4GPLVSWV3A
 |- Actor Path: /Game/UI/UEDPIE_0_CodeBreaker1.CodeBreaker1:PersistentLevel.StaticMeshActor_UAID_44AF28A6F963B3F801_1793705558
 |- Actor Package: /Game/UI/UEDPIE_0_CodeBreaker1_InstanceOf_/Game/__ExternalActors__/UI/CodeBreaker1/9/2F/DD500IVUM2QK6155QFZ9P2
 |- Actor Path: /Game/UI/UEDPIE_0_CodeBreaker1.CodeBreaker1:PersistentLevel.StaticMeshActor_UAID_44AF28A6F963B3F801_1807238559
 |- Actor Package: /Game/UI/UEDPIE_0_CodeBreaker1_InstanceOf_/Game/__ExternalActors__/UI/CodeBreaker1/3/E8/PW93NOWTDPGI7IB41S6SI2
 |- Actor Path: /Game/UI/UEDPIE_0_CodeBreaker1.CodeBreaker1:PersistentLevel.StaticMeshActor_UAID_44AF28A6F963B3F801_1810837560
 |- Actor Package: /Game/UI/UEDPIE_0_CodeBreaker1_InstanceOf_/Game/__ExternalActors__/UI/CodeBreaker1/0/BL/E9BFB4DJQ05KCYOBOGIZ2Z
 |- Actor Path: /Game/UI/UEDPIE_0_CodeBreaker1.CodeBreaker1:PersistentLevel.StaticMeshActor_UAID_44AF28A6F963B3F801_1815080561
 |- Actor Package: /Game/UI/UEDPIE_0_CodeBreaker1_InstanceOf_/Game/__ExternalActors__/UI/CodeBreaker1/A/AX/M9A8SX766UBN1IZSE3JRHE
 |- Actor Path: /Game/UI/UEDPIE_0_CodeBreaker1.CodeBreaker1:PersistentLevel.StaticMeshActor_UAID_44AF28A6F963B3F801_1827275562
 |- Actor Package: /Game/UI/UEDPIE_0_CodeBreaker1_InstanceOf_/Game/__ExternalActors__/UI/CodeBreaker1/4/EZ/SCC02NWS0PNV3YFB8OL6N9
 |- Actor Path: /Game/UI/UEDPIE_0_CodeBreaker1.CodeBreaker1:PersistentLevel.StaticMeshActor_UAID_44AF28A6F963B3F801_1838297563
 |- Actor Package: /Game/UI/UEDPIE_0_CodeBreaker1_InstanceOf_/Game/__ExternalActors__/UI/CodeBreaker1/B/ZW/0F1CTXNV3VA0X5LJZDE8Z4
 |- Actor Path: /Game/UI/UEDPIE_0_CodeBreaker1.CodeBreaker1:PersistentLevel.StaticMeshActor_UAID_44AF28A6F963B3F801_1854620564
 |- Actor Package: /Game/UI/UEDPIE_0_CodeBreaker1_InstanceOf_/Game/__ExternalActors__/UI/CodeBreaker1/A/9C/BFM28RET9PUJ4GAURQIDKS
 |- Actor Path: /Game/UI/UEDPIE_0_CodeBreaker1.CodeBreaker1:PersistentLevel.StaticMeshActor_UAID_44AF28A6F963B3F801_2043791565
 |- Actor Package: /Game/UI/UEDPIE_0_CodeBreaker1_InstanceOf_/Game/__ExternalActors__/UI/CodeBreaker1/E/GQ/B79AJK8O2YP0QM5MDT79TJ
 |- Actor Path: /Game/UI/UEDPIE_0_CodeBreaker1.CodeBreaker1:PersistentLevel.StaticMeshActor_UAID_44AF28A6F963B3F801_2051143566
 |- Actor Package: /Game/UI/UEDPIE_0_CodeBreaker1_InstanceOf_/Game/__ExternalActors__/UI/CodeBreaker1/7/TS/4248NP34K8RGZA71ZY522R
 |- Actor Path: /Game/UI/UEDPIE_0_CodeBreaker1.CodeBreaker1:PersistentLevel.StaticMeshActor_UAID_44AF28A6F963B3F801_2090196567
 |- Actor Package: /Game/UI/UEDPIE_0_CodeBreaker1_InstanceOf_/Game/__ExternalActors__/UI/CodeBreaker1/A/9S/537IN6ZA2W1ZIKJM95KQO5
 |- Actor Path: /Game/UI/UEDPIE_0_CodeBreaker1.CodeBreaker1:PersistentLevel.StaticMeshActor_UAID_44AF28A6F963B3F801_2108360568
 |- Actor Package: /Game/UI/UEDPIE_0_CodeBreaker1_InstanceOf_/Game/__ExternalActors__/UI/CodeBreaker1/8/RP/R2NG657EICCEFFCHWYUTGB
 |- Actor Path: /Game/UI/UEDPIE_0_CodeBreaker1.CodeBreaker1:PersistentLevel.StaticMeshActor_UAID_44AF28A6F963B3F801_2143026569
 |- Actor Package: /Game/UI/UEDPIE_0_CodeBreaker1_InstanceOf_/Game/__ExternalActors__/UI/CodeBreaker1/0/F6/OOAML9G4A7ANK0CE14EMJA
 |- Actor Path: /Game/UI/UEDPIE_0_CodeBreaker1.CodeBreaker1:PersistentLevel.StaticMeshActor_UAID_44AF28A6F963B4F801_1075633746
 |- Actor Package: /Game/UI/UEDPIE_0_CodeBreaker1_InstanceOf_/Game/__ExternalActors__/UI/CodeBreaker1/A/2H/HVXAEWUR59C60S51R36BLR
 |- Actor Path: /Game/UI/UEDPIE_0_CodeBreaker1.CodeBreaker1:PersistentLevel.StaticMeshActor_UAID_44AF28A6F963B4F801_1081719747
 |- Actor Package: /Game/UI/UEDPIE_0_CodeBreaker1_InstanceOf_/Game/__ExternalActors__/UI/CodeBreaker1/D/IJ/6NYR8WYZR4NBOZP6ZLSVVN
 |- Actor Path: /Game/UI/UEDPIE_0_CodeBreaker1.CodeBreaker1:PersistentLevel.StaticMeshActor_UAID_44AF28A6F963B4F801_1089757748
 |- Actor Package: /Game/UI/UEDPIE_0_CodeBreaker1_InstanceOf_/Game/__ExternalActors__/UI/CodeBreaker1/A/XS/YIX8T9OKPE4H03FELQVRP6
 |- Actor Path: /Game/UI/UEDPIE_0_CodeBreaker1.CodeBreaker1:PersistentLevel.StaticMeshActor_UAID_44AF28A6F963B4F801_1093908749
 |- Actor Package: /Game/UI/UEDPIE_0_CodeBreaker1_InstanceOf_/Game/__ExternalActors__/UI/CodeBreaker1/C/W4/1V0P5G7FQCYFEO53TQ1G0U
 |- Actor Path: /Game/UI/UEDPIE_0_CodeBreaker1.CodeBreaker1:PersistentLevel.StaticMeshActor_UAID_44AF28A6F963B4F801_1109103750
 |- Actor Package: /Game/UI/UEDPIE_0_CodeBreaker1_InstanceOf_/Game/__ExternalActors__/UI/CodeBreaker1/B/88/HIV9PY107LD07TP8HMJ3A1
 |- Actor Path: /Game/UI/UEDPIE_0_CodeBreaker1.CodeBreaker1:PersistentLevel.StaticMeshActor_UAID_A4AE111137DC5CFB00_1660657071
 |- Actor Package: /Game/UI/UEDPIE_0_CodeBreaker1_InstanceOf_/Game/__ExternalActors__/UI/CodeBreaker1/2/ZN/P2J7Z2ZF4J3ILIT47Y7D5Y
 |- Actor Path: /Game/UI/UEDPIE_0_CodeBreaker1.CodeBreaker1:PersistentLevel.VolumetricCloud_0
 |- Actor Package: /Game/UI/UEDPIE_0_CodeBreaker1_InstanceOf_/Game/__ExternalActors__/UI/CodeBreaker1/C/1H/SOVQN0XB44M7AXX7DJOK0C
 |- Actor Path: /Game/UI/UEDPIE_0_CodeBreaker1.CodeBreaker1:PersistentLevel.WorldDataLayers
 |- Actor Package: /Game/__ExternalActors__/UI/CodeBreaker1/4/ZX/LOCZMDTXHINACI93QOPGRZ

----------------------------------------------------------------------------------------------------------------
CodeBreaker1 - Runtime Hash Set
----------------------------------------------------------------------------------------------------------------

