[+] Containers:
 |- [+] Container: /Game/TopDown/Maps/TopDownMap
 |   |- [+] ActorDescs:
 |   |   |- Guid:03B9674B4AED503EC3F73A8035428609 BaseClass: NativeClass:/Script/Engine.StaticMeshActor Name:StaticMeshActor_UAID_44AF28A6F963B3F801_1607104552 Label:Box2 SpatiallyLoaded:1 Bounds:IsValid=true, Min=(X=-12872.019 Y=8387.108 Z=-214.588), Max=(X=-11732.750 Y=9736.065 Z=753.927) RuntimeGrid:None EditorOnly:0 RuntimeOnly:0 HLODRelevant:1 ListedInSceneOutliner:1 IsMainWorldOnly:0
 |   |   |- Guid:0F203B5D41E5B791C380399825AC6BAA BaseClass: NativeClass:/Script/Landscape.LandscapeStreamingProxy Name:LandscapeStreamingProxy_B7CTOXMGB0ZE3P7FFDZQVIU93_126_1_1_0 Label:LandscapeStreamingProxy_1_1_0 SpatiallyLoaded:1 Bounds:IsValid=true, Min=(X=-12600.000 Y=-12600.000 Z=99.219), Max=(X=0.000 Y=0.000 Z=5946.875) RuntimeGrid:None EditorOnly:0 RuntimeOnly:0 HLODRelevant:1 ListedInSceneOutliner:1 IsMainWorldOnly:0
 |   |   |- Guid:13F8FE784666E8156D0BFC80AFBD505E BaseClass: NativeClass:/Script/Landscape.LandscapeStreamingProxy Name:LandscapeStreamingProxy_B7CTOXMGB0ZE3P7FFDZQVIU93_126_0_3_0 Label:LandscapeStreamingProxy_0_3_0 SpatiallyLoaded:1 Bounds:IsValid=true, Min=(X=-25200.000 Y=12600.000 Z=100.000), Max=(X=-12600.000 Y=25200.000 Z=3429.688) RuntimeGrid:None EditorOnly:0 RuntimeOnly:0 HLODRelevant:1 ListedInSceneOutliner:1 IsMainWorldOnly:0
 |   |   |- Guid:145413E9463F577356B10B83274A841F BaseClass: NativeClass:/Script/Engine.StaticMeshActor Name:StaticMeshActor_UAID_44AF28A6F963B3F801_1838297563 Label:Cone8 SpatiallyLoaded:1 Bounds:IsValid=true, Min=(X=11256.174 Y=9557.043 Z=542.953), Max=(X=11926.860 Y=9977.395 Z=1584.669) RuntimeGrid:None EditorOnly:0 RuntimeOnly:0 HLODRelevant:1 ListedInSceneOutliner:1 IsMainWorldOnly:0
 |   |   |- Guid:147C8D134B12D635012D5F8C57D2C96F BaseClass: NativeClass:/Script/Engine.PostProcessVolume Name:PostProcessVolume_1 Label:PostProcessVolume SpatiallyLoaded:0 Bounds:IsValid=true, Min=(X=0.000 Y=0.000 Z=400.000), Max=(X=200.000 Y=200.000 Z=600.000) RuntimeGrid:None EditorOnly:0 RuntimeOnly:0 HLODRelevant:0 ListedInSceneOutliner:1 IsMainWorldOnly:0 FolderPath:Lighting FolderGuid:4C9334684BA61B42C769F799D2576455
 |   |   |- Guid:1742DF43475F097453197AA79C7473D9 BaseClass: NativeClass:/Script/Engine.SkyLight Name:SkyLight_1 Label:SkyLight SpatiallyLoaded:0 Bounds:IsValid=true, Min=(X=0.000 Y=0.000 Z=690.000), Max=(X=0.000 Y=0.000 Z=690.000) RuntimeGrid:None EditorOnly:0 RuntimeOnly:0 HLODRelevant:0 ListedInSceneOutliner:1 IsMainWorldOnly:0 FolderPath:Lighting FolderGuid:4C9334684BA61B42C769F799D2576455
 |   |   |- Guid:1A0E7BCC4EDAF3152EAEC2856920CCCD BaseClass: NativeClass:/Script/Landscape.LandscapeStreamingProxy Name:LandscapeStreamingProxy_B7CTOXMGB0ZE3P7FFDZQVIU93_126_0_2_0 Label:LandscapeStreamingProxy_0_2_0 SpatiallyLoaded:1 Bounds:IsValid=true, Min=(X=-25200.000 Y=0.000 Z=100.000), Max=(X=-12600.000 Y=12600.000 Z=3511.719) RuntimeGrid:None EditorOnly:0 RuntimeOnly:0 HLODRelevant:1 ListedInSceneOutliner:1 IsMainWorldOnly:0
 |   |   |- Guid:2C7D867443F723AF0E918B9C85F003D3 BaseClass: NativeClass:/Script/Landscape.Landscape Name:Landscape_UAID_44AF28A6F96359F801_1838472711 Label:Landscape SpatiallyLoaded:0 Bounds:IsValid=true, Min=(X=-25200.000 Y=-25200.000 Z=100.000), Max=(X=-25200.000 Y=-25200.000 Z=100.000) RuntimeGrid:None EditorOnly:0 RuntimeOnly:0 HLODRelevant:0 ListedInSceneOutliner:1 IsMainWorldOnly:0
 |   |   |- Guid:2DF0D95440BE0EDA81652F860DC7268E BaseClass: NativeClass:/Script/Engine.WorldDataLayers Name:WorldDataLayers Label:WorldDataLayers SpatiallyLoaded:0 Bounds:IsValid=true, Min=(X=0.000 Y=0.000 Z=0.000), Max=(X=0.000 Y=0.000 Z=0.000) RuntimeGrid:None EditorOnly:0 RuntimeOnly:0 HLODRelevant:0 ListedInSceneOutliner:1 IsMainWorldOnly:1
 |   |   |- Guid:309890EE433B913F6011BEADC3FE207D BaseClass: NativeClass:/Script/Engine.StaticMeshActor Name:StaticMeshActor_UAID_44AF28A6F963B3F801_1741935556 Label:Cone SpatiallyLoaded:1 Bounds:IsValid=true, Min=(X=-9876.808 Y=8980.597 Z=-133.650), Max=(X=-9290.618 Y=9719.907 Z=887.032) RuntimeGrid:None EditorOnly:0 RuntimeOnly:0 HLODRelevant:1 ListedInSceneOutliner:1 IsMainWorldOnly:0
 |   |   |- Guid:360F22A6436692BF9FAA08BA89EC64A9 BaseClass: NativeClass:/Script/Engine.StaticMeshActor Name:StaticMeshActor_UAID_44AF28A6F963B3F801_1810837560 Label:Cone5 SpatiallyLoaded:1 Bounds:IsValid=true, Min=(X=8655.704 Y=9015.113 Z=497.700), Max=(X=9203.920 Y=9460.673 Z=1559.783) RuntimeGrid:None EditorOnly:0 RuntimeOnly:0 HLODRelevant:1 ListedInSceneOutliner:1 IsMainWorldOnly:0
 |   |   |- Guid:3E6D20FD4A9A1C5DC653A9ADA4DF6C15 BaseClass: NativeClass:/Script/Engine.StaticMeshActor Name:StaticMeshActor_UAID_44AF28A6F963B4F801_1109103750 Label:MaterialSphere10 SpatiallyLoaded:1 Bounds:IsValid=true, Min=(X=5710.000 Y=9800.000 Z=110.000), Max=(X=5810.000 Y=9900.000 Z=210.000) RuntimeGrid:None EditorOnly:0 RuntimeOnly:0 HLODRelevant:1 ListedInSceneOutliner:1 IsMainWorldOnly:0
 |   |   |- Guid:3F7256BC488BCC8F27255BAE54993067 BaseClass: NativeClass:/Script/Landscape.LandscapeStreamingProxy Name:LandscapeStreamingProxy_B7CTOXMGB0ZE3P7FFDZQVIU93_126_1_3_0 Label:LandscapeStreamingProxy_1_3_0 SpatiallyLoaded:1 Bounds:IsValid=true, Min=(X=-12600.000 Y=12600.000 Z=100.000), Max=(X=0.000 Y=25200.000 Z=3857.031) RuntimeGrid:None EditorOnly:0 RuntimeOnly:0 HLODRelevant:1 ListedInSceneOutliner:1 IsMainWorldOnly:0
 |   |   |- Guid:48BAB0CB490F6CA33CC649927D1FFAB0 BaseClass: NativeClass:/Script/Engine.StaticMeshActor Name:StaticMeshActor_UAID_44AF28A6F963B3F801_1628543553 Label:Box3 SpatiallyLoaded:1 Bounds:IsValid=true, Min=(X=792.162 Y=13073.387 Z=100.000), Max=(X=1687.838 Y=13986.613 Z=1100.000) RuntimeGrid:None EditorOnly:0 RuntimeOnly:0 HLODRelevant:1 ListedInSceneOutliner:1 IsMainWorldOnly:0
 |   |   |- Guid:4B0E444D4D731CD841FB20A3B72C0136 BaseClass: NativeClass:/Script/Landscape.LandscapeStreamingProxy Name:LandscapeStreamingProxy_B7CTOXMGB0ZE3P7FFDZQVIU93_126_3_2_0 Label:LandscapeStreamingProxy_3_2_0 SpatiallyLoaded:1 Bounds:IsValid=true, Min=(X=12600.000 Y=0.000 Z=100.000), Max=(X=25200.000 Y=12600.000 Z=4764.062) RuntimeGrid:None EditorOnly:0 RuntimeOnly:0 HLODRelevant:1 ListedInSceneOutliner:1 IsMainWorldOnly:0
 |   |   |- Guid:5071ACAC48F5170F9A00DDAE9F2BE88D BaseClass: NativeClass:/Script/Engine.StaticMeshActor Name:StaticMeshActor_UAID_44AF28A6F963B3F801_2043791565 Label:MaterialSphere SpatiallyLoaded:1 Bounds:IsValid=true, Min=(X=-15850.000 Y=4840.000 Z=150.000), Max=(X=-15750.000 Y=4940.000 Z=250.000) RuntimeGrid:None EditorOnly:0 RuntimeOnly:0 HLODRelevant:1 ListedInSceneOutliner:1 IsMainWorldOnly:0
 |   |   |- Guid:52588A734E50A1EFFBC7E4AD96F31F74 BaseClass: NativeClass:/Script/Engine.StaticMeshActor Name:StaticMeshActor_UAID_44AF28A6F963B4F801_1075633746 Label:MaterialSphere6 SpatiallyLoaded:1 Bounds:IsValid=true, Min=(X=6620.000 Y=-2180.000 Z=130.000), Max=(X=6720.000 Y=-2080.000 Z=230.000) RuntimeGrid:None EditorOnly:0 RuntimeOnly:0 HLODRelevant:1 ListedInSceneOutliner:1 IsMainWorldOnly:0
 |   |   |- Guid:55BD33B34930D60EB8A43A8C1D691FCE BaseClass: NativeClass:/Script/Engine.StaticMeshActor Name:StaticMeshActor_UAID_44AF28A6F963B3F801_1678417555 Label:Box5 SpatiallyLoaded:1 Bounds:IsValid=true, Min=(X=4885.902 Y=10537.071 Z=-199.822), Max=(X=6213.944 Y=11806.952 Z=741.842) RuntimeGrid:None EditorOnly:0 RuntimeOnly:0 HLODRelevant:1 ListedInSceneOutliner:1 IsMainWorldOnly:0
 |   |   |- Guid:58B9F98E472B8B59994F478C41543053 BaseClass: NativeClass:/Script/Landscape.LandscapeStreamingProxy Name:LandscapeStreamingProxy_B7CTOXMGB0ZE3P7FFDZQVIU93_126_1_2_0 Label:LandscapeStreamingProxy_1_2_0 SpatiallyLoaded:1 Bounds:IsValid=true, Min=(X=-12600.000 Y=0.000 Z=100.000), Max=(X=0.000 Y=12600.000 Z=179.688) RuntimeGrid:None EditorOnly:0 RuntimeOnly:0 HLODRelevant:1 ListedInSceneOutliner:1 IsMainWorldOnly:0
 |   |   |- Guid:5E22373947FC7E24859D4B9D2F0ED3E3 BaseClass: NativeClass:/Script/Landscape.LandscapeStreamingProxy Name:LandscapeStreamingProxy_B7CTOXMGB0ZE3P7FFDZQVIU93_126_0_0_0 Label:LandscapeStreamingProxy_0_0_0 SpatiallyLoaded:1 Bounds:IsValid=true, Min=(X=-25200.000 Y=-25200.000 Z=100.000), Max=(X=-12600.000 Y=-12600.000 Z=3583.594) RuntimeGrid:None EditorOnly:0 RuntimeOnly:0 HLODRelevant:1 ListedInSceneOutliner:1 IsMainWorldOnly:0
 |   |   |- Guid:6252C7D64ACF162A73EE65B11FE214D1 BaseClass: NativeClass:/Script/Engine.SkyAtmosphere Name:SkyAtmosphere_1 Label:SkyAtmosphere SpatiallyLoaded:0 Bounds:IsValid=true, Min=(X=0.000 Y=0.000 Z=1020.000), Max=(X=0.000 Y=0.000 Z=1020.000) RuntimeGrid:None EditorOnly:0 RuntimeOnly:0 HLODRelevant:0 ListedInSceneOutliner:1 IsMainWorldOnly:0 FolderPath:Lighting FolderGuid:4C9334684BA61B42C769F799D2576455
 |   |   |- Guid:66BCBF874D2A22ADC6523B95EE812CA3 BaseClass: NativeClass:/Script/Engine.StaticMeshActor Name:StaticMeshActor_UAID_A4AE111137DC5CFB00_1660657071 Label:SM_SkySphere SpatiallyLoaded:0 Bounds:IsValid=true, Min=(X=-1638400.000 Y=-1638400.000 Z=-1638400.000), Max=(X=1638400.000 Y=1638400.000 Z=1638400.000) RuntimeGrid:None EditorOnly:0 RuntimeOnly:0 HLODRelevant:1 ListedInSceneOutliner:1 IsMainWorldOnly:0 FolderPath:Lighting FolderGuid:4C9334684BA61B42C769F799D2576455
 |   |   |- Guid:6C9DAD9A440351868DE33EA6390B13BE BaseClass: NativeClass:/Script/Engine.StaticMeshActor Name:StaticMeshActor_UAID_44AF28A6F963B3F801_1768415557 Label:Cone2 SpatiallyLoaded:1 Bounds:IsValid=true, Min=(X=-13000.551 Y=1241.723 Z=-109.236), Max=(X=-12339.294 Y=2015.024 Z=911.446) RuntimeGrid:None EditorOnly:0 RuntimeOnly:0 HLODRelevant:1 ListedInSceneOutliner:1 IsMainWorldOnly:0
 |   |   |- Guid:77F893B3468595EE782136AD620D7EF4 BaseClass: NativeClass:/Script/Engine.VolumetricCloud Name:VolumetricCloud_0 Label:VolumetricCloud SpatiallyLoaded:0 Bounds:IsValid=true, Min=(X=0.000 Y=0.000 Z=820.000), Max=(X=0.000 Y=0.000 Z=820.000) RuntimeGrid:None EditorOnly:0 RuntimeOnly:0 HLODRelevant:0 ListedInSceneOutliner:1 IsMainWorldOnly:0 FolderPath:Lighting FolderGuid:4C9334684BA61B42C769F799D2576455
 |   |   |- Guid:80F8BB0D4DC34CACBC9487AD7D274855 BaseClass: NativeClass:/Script/Engine.StaticMeshActor Name:StaticMeshActor_UAID_44AF28A6F963B3F801_1559684551 Label:Box SpatiallyLoaded:1 Bounds:IsValid=true, Min=(X=-9917.149 Y=-1341.479 Z=100.000), Max=(X=-9082.851 Y=-478.521 Z=1100.000) RuntimeGrid:None EditorOnly:0 RuntimeOnly:0 HLODRelevant:1 ListedInSceneOutliner:1 IsMainWorldOnly:0
 |   |   |- Guid:837590BA411D2D9DB31C829D8C785262 BaseClass: NativeClass:/Script/Landscape.LandscapeStreamingProxy Name:LandscapeStreamingProxy_B7CTOXMGB0ZE3P7FFDZQVIU93_126_2_2_0 Label:LandscapeStreamingProxy_2_2_0 SpatiallyLoaded:1 Bounds:IsValid=true, Min=(X=0.000 Y=0.000 Z=100.000), Max=(X=12600.000 Y=12600.000 Z=1134.375) RuntimeGrid:None EditorOnly:0 RuntimeOnly:0 HLODRelevant:1 ListedInSceneOutliner:1 IsMainWorldOnly:0
 |   |   |- Guid:84465BA741325CEFB71051BA64FA17AE BaseClass: NativeClass:/Script/Landscape.LandscapeStreamingProxy Name:LandscapeStreamingProxy_B7CTOXMGB0ZE3P7FFDZQVIU93_126_0_1_0 Label:LandscapeStreamingProxy_0_1_0 SpatiallyLoaded:1 Bounds:IsValid=true, Min=(X=-25200.000 Y=-12600.000 Z=91.406), Max=(X=-12600.000 Y=0.000 Z=4125.000) RuntimeGrid:None EditorOnly:0 RuntimeOnly:0 HLODRelevant:1 ListedInSceneOutliner:1 IsMainWorldOnly:0
 |   |   |- Guid:84DB2C2D427174D337FA18B9ADFF8DEF BaseClass: NativeClass:/Script/Landscape.LandscapeSplineActor Name:LandscapeSplineActor_UAID_44AF28A6F9636FF801_1403395585 Label:LandscapeSplineActor SpatiallyLoaded:1 Bounds:IsValid=true, Min=(X=-20923.840 Y=-11581.960 Z=-28.391), Max=(X=9707.930 Y=14913.075 Z=1135.000) RuntimeGrid:None EditorOnly:0 RuntimeOnly:0 HLODRelevant:1 ListedInSceneOutliner:1 IsMainWorldOnly:0
 |   |   |- Guid:8924270E49F36B2A7B9B4587647299F3 BaseClass: NativeClass:/Script/Engine.StaticMeshActor Name:StaticMeshActor_UAID_44AF28A6F963B3F801_1854620564 Label:Cone9 SpatiallyLoaded:1 Bounds:IsValid=true, Min=(X=12344.467 Y=4680.652 Z=638.436), Max=(X=12619.904 Y=5234.347 Z=1673.788) RuntimeGrid:None EditorOnly:0 RuntimeOnly:0 HLODRelevant:1 ListedInSceneOutliner:1 IsMainWorldOnly:0
 |   |   |- Guid:8AD96FB24586E50AD22828AC07B3C213 BaseClass: NativeClass:/Script/Engine.StaticMeshActor Name:StaticMeshActor_UAID_44AF28A6F963B3F801_2090196567 Label:MaterialSphere3 SpatiallyLoaded:1 Bounds:IsValid=true, Min=(X=-10460.000 Y=-1690.000 Z=310.000), Max=(X=-10360.000 Y=-1590.000 Z=410.000) RuntimeGrid:None EditorOnly:0 RuntimeOnly:0 HLODRelevant:1 ListedInSceneOutliner:1 IsMainWorldOnly:0
 |   |   |- Guid:95A19C4B4D025C0BC138589B3D807A28 BaseClass: NativeClass:/Script/Engine.StaticMeshActor Name:StaticMeshActor_UAID_44AF28A6F963B3F801_1807238559 Label:Cone4 SpatiallyLoaded:1 Bounds:IsValid=true, Min=(X=370.080 Y=14501.139 Z=-151.168), Max=(X=629.920 Y=15087.329 Z=877.396) RuntimeGrid:None EditorOnly:0 RuntimeOnly:0 HLODRelevant:1 ListedInSceneOutliner:1 IsMainWorldOnly:0
 |   |   |- Guid:9B89478743CAC45D532EE9B44C9DD306 BaseClass: NativeClass:/Script/Engine.StaticMeshActor Name:StaticMeshActor_UAID_44AF28A6F963B4F801_1089757748 Label:MaterialSphere8 SpatiallyLoaded:1 Bounds:IsValid=true, Min=(X=-5610.000 Y=4790.000 Z=170.000), Max=(X=-5510.000 Y=4890.000 Z=270.000) RuntimeGrid:None EditorOnly:0 RuntimeOnly:0 HLODRelevant:1 ListedInSceneOutliner:1 IsMainWorldOnly:0
 |   |   |- Guid:A7F27C2845CB33E1AED14FA91C4EFDCB BaseClass: NativeClass:/Script/Engine.StaticMeshActor Name:StaticMeshActor_UAID_44AF28A6F963B3F801_1659306554 Label:Box4 SpatiallyLoaded:1 Bounds:IsValid=true, Min=(X=4765.902 Y=-3286.952 Z=-199.822), Max=(X=6093.944 Y=-2017.071 Z=741.842) RuntimeGrid:None EditorOnly:0 RuntimeOnly:0 HLODRelevant:1 ListedInSceneOutliner:1 IsMainWorldOnly:0
 |   |   |- Guid:AA4F9FD849ECF1C80FD2B8A684610C64 BaseClass: NativeClass:/Script/Landscape.LandscapeStreamingProxy Name:LandscapeStreamingProxy_B7CTOXMGB0ZE3P7FFDZQVIU93_126_1_0_0 Label:LandscapeStreamingProxy_1_0_0 SpatiallyLoaded:1 Bounds:IsValid=true, Min=(X=-12600.000 Y=-25200.000 Z=-58.594), Max=(X=0.000 Y=-12600.000 Z=1903.125) RuntimeGrid:None EditorOnly:0 RuntimeOnly:0 HLODRelevant:1 ListedInSceneOutliner:1 IsMainWorldOnly:0
 |   |   |- Guid:AA9E4A304FBCA2F1347D4FAD7CDC190A BaseClass: NativeClass:/Script/Engine.StaticMeshActor Name:StaticMeshActor_UAID_44AF28A6F963B3F801_2108360568 Label:MaterialSphere4 SpatiallyLoaded:1 Bounds:IsValid=true, Min=(X=-9650.000 Y=10430.000 Z=110.000), Max=(X=-9550.000 Y=10530.000 Z=210.000) RuntimeGrid:None EditorOnly:0 RuntimeOnly:0 HLODRelevant:1 ListedInSceneOutliner:1 IsMainWorldOnly:0
 |   |   |- Guid:AC543E474014F261B15E999B1CBEC4C6 BaseClass: NativeClass:/Script/Landscape.LandscapeStreamingProxy Name:LandscapeStreamingProxy_B7CTOXMGB0ZE3P7FFDZQVIU93_126_2_1_0 Label:LandscapeStreamingProxy_2_1_0 SpatiallyLoaded:1 Bounds:IsValid=true, Min=(X=0.000 Y=-12600.000 Z=100.000), Max=(X=12600.000 Y=0.000 Z=4785.938) RuntimeGrid:None EditorOnly:0 RuntimeOnly:0 HLODRelevant:1 ListedInSceneOutliner:1 IsMainWorldOnly:0
 |   |   |- Guid:AE5D8D21461910FABD0A95B28EE5052B BaseClass: NativeClass:/Script/Engine.StaticMeshActor Name:StaticMeshActor_UAID_44AF28A6F963B4F801_1093908749 Label:MaterialSphere9 SpatiallyLoaded:1 Bounds:IsValid=true, Min=(X=-4370.000 Y=8660.000 Z=130.000), Max=(X=-4270.000 Y=8760.000 Z=230.000) RuntimeGrid:None EditorOnly:0 RuntimeOnly:0 HLODRelevant:1 ListedInSceneOutliner:1 IsMainWorldOnly:0
 |   |   |- Guid:AECEEEE741E6DE68F6843FA49564A956 BaseClass: NativeClass:/Script/Engine.DirectionalLight Name:DirectionalLight_1 Label:DirectionalLight SpatiallyLoaded:0 Bounds:IsValid=true, Min=(X=-1048576.000 Y=-1048576.000 Z=-1048576.000), Max=(X=1048576.000 Y=1048576.000 Z=1048576.000) RuntimeGrid:None EditorOnly:0 RuntimeOnly:0 HLODRelevant:0 ListedInSceneOutliner:1 IsMainWorldOnly:0 FolderPath:Lighting FolderGuid:4C9334684BA61B42C769F799D2576455
 |   |   |- Guid:B88B753D43459614D3C67798E158E79B BaseClass: NativeClass:/Script/Engine.StaticMeshActor Name:StaticMeshActor_UAID_44AF28A6F963B3F801_1793705558 Label:Cone3 SpatiallyLoaded:1 Bounds:IsValid=true, Min=(X=-5736.387 Y=1623.459 Z=-127.474), Max=(X=-5066.171 Y=2193.372 Z=927.929) RuntimeGrid:None EditorOnly:0 RuntimeOnly:0 HLODRelevant:1 ListedInSceneOutliner:1 IsMainWorldOnly:0
 |   |   |- Guid:C95C18ED4D68D3A80F8FF4B72B67B78C BaseClass: NativeClass:/Script/Landscape.LandscapeStreamingProxy Name:LandscapeStreamingProxy_B7CTOXMGB0ZE3P7FFDZQVIU93_126_2_3_0 Label:LandscapeStreamingProxy_2_3_0 SpatiallyLoaded:1 Bounds:IsValid=true, Min=(X=0.000 Y=12600.000 Z=100.000), Max=(X=12600.000 Y=25200.000 Z=4283.594) RuntimeGrid:None EditorOnly:0 RuntimeOnly:0 HLODRelevant:1 ListedInSceneOutliner:1 IsMainWorldOnly:0
 |   |   |- Guid:D227FD864780EC7FCDFB81948659D9B4 BaseClass: NativeClass:/Script/Engine.StaticMeshActor Name:StaticMeshActor_UAID_44AF28A6F963B4F801_1081719747 Label:MaterialSphere7 SpatiallyLoaded:1 Bounds:IsValid=true, Min=(X=-390.000 Y=14380.000 Z=110.000), Max=(X=-290.000 Y=14480.000 Z=210.000) RuntimeGrid:None EditorOnly:0 RuntimeOnly:0 HLODRelevant:1 ListedInSceneOutliner:1 IsMainWorldOnly:0
 |   |   |- Guid:D24D61B944EF71BE7BC469B7EB239299 BaseClass: NativeClass:/Script/Engine.ExponentialHeightFog Name:ExponentialHeightFog_1 Label:ExponentialHeightFog SpatiallyLoaded:0 Bounds:IsValid=true, Min=(X=-5600.000 Y=-50.000 Z=-6850.000), Max=(X=-5600.000 Y=-50.000 Z=-6850.000) RuntimeGrid:None EditorOnly:0 RuntimeOnly:0 HLODRelevant:0 ListedInSceneOutliner:1 IsMainWorldOnly:0 FolderPath:Lighting FolderGuid:4C9334684BA61B42C769F799D2576455
 |   |   |- Guid:D8F44E77431E6D62343E998D2435DB12 BaseClass: NativeClass:/Script/Engine.StaticMeshActor Name:StaticMeshActor_UAID_44AF28A6F963B3F801_1815080561 Label:Cone6 SpatiallyLoaded:1 Bounds:IsValid=true, Min=(X=8351.478 Y=5734.263 Z=447.557), Max=(X=8951.350 Y=6041.952 Z=1485.455) RuntimeGrid:None EditorOnly:0 RuntimeOnly:0 HLODRelevant:1 ListedInSceneOutliner:1 IsMainWorldOnly:0
 |   |   |- Guid:DB074E8C492A5B00F5D14BB3DF5C2B9F BaseClass: NativeClass:/Script/Engine.StaticMeshActor Name:StaticMeshActor_UAID_44AF28A6F963B3F801_2143026569 Label:MaterialSphere5 SpatiallyLoaded:1 Bounds:IsValid=true, Min=(X=-570.000 Y=-2400.000 Z=130.000), Max=(X=-470.000 Y=-2300.000 Z=230.000) RuntimeGrid:None EditorOnly:0 RuntimeOnly:0 HLODRelevant:1 ListedInSceneOutliner:1 IsMainWorldOnly:0
 |   |   |- Guid:E350737F44406F9FF1CE44AAEC3C1B13 BaseClass: NativeClass:/Script/Landscape.LandscapeStreamingProxy Name:LandscapeStreamingProxy_B7CTOXMGB0ZE3P7FFDZQVIU93_126_2_0_0 Label:LandscapeStreamingProxy_2_0_0 SpatiallyLoaded:1 Bounds:IsValid=true, Min=(X=0.000 Y=-25200.000 Z=-57.812), Max=(X=12600.000 Y=-12600.000 Z=2233.594) RuntimeGrid:None EditorOnly:0 RuntimeOnly:0 HLODRelevant:1 ListedInSceneOutliner:1 IsMainWorldOnly:0
 |   |   |- Guid:E7FD2487423DE680C184D58BC78353B8 BaseClass: NativeClass:/Script/Landscape.LandscapeStreamingProxy Name:LandscapeStreamingProxy_B7CTOXMGB0ZE3P7FFDZQVIU93_126_3_0_0 Label:LandscapeStreamingProxy_3_0_0 SpatiallyLoaded:1 Bounds:IsValid=true, Min=(X=12600.000 Y=-25200.000 Z=100.000), Max=(X=25200.000 Y=-12600.000 Z=1503.906) RuntimeGrid:None EditorOnly:0 RuntimeOnly:0 HLODRelevant:1 ListedInSceneOutliner:1 IsMainWorldOnly:0
 |   |   |- Guid:EB35D7FF4E26F1267A2FF18B3C85A88B BaseClass: NativeClass:/Script/Engine.StaticMeshActor Name:StaticMeshActor_UAID_44AF28A6F963B3F801_2051143566 Label:MaterialSphere2 SpatiallyLoaded:1 Bounds:IsValid=true, Min=(X=-13940.000 Y=2570.000 Z=200.000), Max=(X=-13840.000 Y=2670.000 Z=300.000) RuntimeGrid:None EditorOnly:0 RuntimeOnly:0 HLODRelevant:1 ListedInSceneOutliner:1 IsMainWorldOnly:0
 |   |   |- Guid:EDA38F284C800598BEDECB9B4CC25A8F BaseClass: NativeClass:/Script/Engine.StaticMeshActor Name:StaticMeshActor_UAID_44AF28A6F963B3F801_1827275562 Label:Cone7 SpatiallyLoaded:1 Bounds:IsValid=true, Min=(X=11202.126 Y=3824.373 Z=555.543), Max=(X=11499.826 Y=4307.621 Z=1597.373) RuntimeGrid:None EditorOnly:0 RuntimeOnly:0 HLODRelevant:1 ListedInSceneOutliner:1 IsMainWorldOnly:0
 |   |   |- Guid:EF6774954B2B0562C74D4CBD2BD3A01C BaseClass: NativeClass:/Script/Landscape.LandscapeStreamingProxy Name:LandscapeStreamingProxy_B7CTOXMGB0ZE3P7FFDZQVIU93_126_3_1_0 Label:LandscapeStreamingProxy_3_1_0 SpatiallyLoaded:1 Bounds:IsValid=true, Min=(X=12600.000 Y=-12600.000 Z=100.000), Max=(X=25200.000 Y=0.000 Z=5008.594) RuntimeGrid:None EditorOnly:0 RuntimeOnly:0 HLODRelevant:1 ListedInSceneOutliner:1 IsMainWorldOnly:0
 |   |   |- Guid:F006707A4432F04B89C75195D80D1D19 BaseClass: NativeClass:/Script/Landscape.LandscapeStreamingProxy Name:LandscapeStreamingProxy_B7CTOXMGB0ZE3P7FFDZQVIU93_126_3_3_0 Label:LandscapeStreamingProxy_3_3_0 SpatiallyLoaded:1 Bounds:IsValid=true, Min=(X=12600.000 Y=12600.000 Z=100.000), Max=(X=25200.000 Y=25200.000 Z=4454.688) RuntimeGrid:None EditorOnly:0 RuntimeOnly:0 HLODRelevant:1 ListedInSceneOutliner:1 IsMainWorldOnly:0
 |   |   |- Guid:F33CC5014C49925B3A9D52A063AF483F BaseClass: NativeClass:/Script/Engine.PlayerStart Name:PlayerStart_0 Label:PlayerStart SpatiallyLoaded:0 Bounds:IsValid=true, Min=(X=-18090.000 Y=-13030.000 Z=120.013), Max=(X=-17830.000 Y=-12750.000 Z=764.013) RuntimeGrid:None EditorOnly:0 RuntimeOnly:0 HLODRelevant:0 ListedInSceneOutliner:1 IsMainWorldOnly:0
 |   |- [+] Clusters:
 |   |   |- [+] [  0]
 |   |   |   |- Guid:03B9674B4AED503EC3F73A8035428609 BaseClass: NativeClass:/Script/Engine.StaticMeshActor Name:StaticMeshActor_UAID_44AF28A6F963B3F801_1607104552 Label:Box2 SpatiallyLoaded:1 Bounds:IsValid=true, Min=(X=-12872.019 Y=8387.108 Z=-214.588), Max=(X=-11732.750 Y=9736.065 Z=753.927) RuntimeGrid:None EditorOnly:0 RuntimeOnly:0 HLODRelevant:1 ListedInSceneOutliner:1 IsMainWorldOnly:0
 |   |   |- [+] [  1]
 |   |   |   |- Guid:0F203B5D41E5B791C380399825AC6BAA BaseClass: NativeClass:/Script/Landscape.LandscapeStreamingProxy Name:LandscapeStreamingProxy_B7CTOXMGB0ZE3P7FFDZQVIU93_126_1_1_0 Label:LandscapeStreamingProxy_1_1_0 SpatiallyLoaded:1 Bounds:IsValid=true, Min=(X=-12600.000 Y=-12600.000 Z=99.219), Max=(X=0.000 Y=0.000 Z=5946.875) RuntimeGrid:None EditorOnly:0 RuntimeOnly:0 HLODRelevant:1 ListedInSceneOutliner:1 IsMainWorldOnly:0
 |   |   |- [+] [  2]
 |   |   |   |- Guid:13F8FE784666E8156D0BFC80AFBD505E BaseClass: NativeClass:/Script/Landscape.LandscapeStreamingProxy Name:LandscapeStreamingProxy_B7CTOXMGB0ZE3P7FFDZQVIU93_126_0_3_0 Label:LandscapeStreamingProxy_0_3_0 SpatiallyLoaded:1 Bounds:IsValid=true, Min=(X=-25200.000 Y=12600.000 Z=100.000), Max=(X=-12600.000 Y=25200.000 Z=3429.688) RuntimeGrid:None EditorOnly:0 RuntimeOnly:0 HLODRelevant:1 ListedInSceneOutliner:1 IsMainWorldOnly:0
 |   |   |- [+] [  3]
 |   |   |   |- Guid:145413E9463F577356B10B83274A841F BaseClass: NativeClass:/Script/Engine.StaticMeshActor Name:StaticMeshActor_UAID_44AF28A6F963B3F801_1838297563 Label:Cone8 SpatiallyLoaded:1 Bounds:IsValid=true, Min=(X=11256.174 Y=9557.043 Z=542.953), Max=(X=11926.860 Y=9977.395 Z=1584.669) RuntimeGrid:None EditorOnly:0 RuntimeOnly:0 HLODRelevant:1 ListedInSceneOutliner:1 IsMainWorldOnly:0
 |   |   |- [+] [  4]
 |   |   |   |- Guid:147C8D134B12D635012D5F8C57D2C96F BaseClass: NativeClass:/Script/Engine.PostProcessVolume Name:PostProcessVolume_1 Label:PostProcessVolume SpatiallyLoaded:0 Bounds:IsValid=true, Min=(X=0.000 Y=0.000 Z=400.000), Max=(X=200.000 Y=200.000 Z=600.000) RuntimeGrid:None EditorOnly:0 RuntimeOnly:0 HLODRelevant:0 ListedInSceneOutliner:1 IsMainWorldOnly:0 FolderPath:Lighting FolderGuid:4C9334684BA61B42C769F799D2576455
 |   |   |- [+] [  5]
 |   |   |   |- Guid:1742DF43475F097453197AA79C7473D9 BaseClass: NativeClass:/Script/Engine.SkyLight Name:SkyLight_1 Label:SkyLight SpatiallyLoaded:0 Bounds:IsValid=true, Min=(X=0.000 Y=0.000 Z=690.000), Max=(X=0.000 Y=0.000 Z=690.000) RuntimeGrid:None EditorOnly:0 RuntimeOnly:0 HLODRelevant:0 ListedInSceneOutliner:1 IsMainWorldOnly:0 FolderPath:Lighting FolderGuid:4C9334684BA61B42C769F799D2576455
 |   |   |- [+] [  6]
 |   |   |   |- Guid:1A0E7BCC4EDAF3152EAEC2856920CCCD BaseClass: NativeClass:/Script/Landscape.LandscapeStreamingProxy Name:LandscapeStreamingProxy_B7CTOXMGB0ZE3P7FFDZQVIU93_126_0_2_0 Label:LandscapeStreamingProxy_0_2_0 SpatiallyLoaded:1 Bounds:IsValid=true, Min=(X=-25200.000 Y=0.000 Z=100.000), Max=(X=-12600.000 Y=12600.000 Z=3511.719) RuntimeGrid:None EditorOnly:0 RuntimeOnly:0 HLODRelevant:1 ListedInSceneOutliner:1 IsMainWorldOnly:0
 |   |   |- [+] [  7]
 |   |   |   |- Guid:2C7D867443F723AF0E918B9C85F003D3 BaseClass: NativeClass:/Script/Landscape.Landscape Name:Landscape_UAID_44AF28A6F96359F801_1838472711 Label:Landscape SpatiallyLoaded:0 Bounds:IsValid=true, Min=(X=-25200.000 Y=-25200.000 Z=100.000), Max=(X=-25200.000 Y=-25200.000 Z=100.000) RuntimeGrid:None EditorOnly:0 RuntimeOnly:0 HLODRelevant:0 ListedInSceneOutliner:1 IsMainWorldOnly:0
 |   |   |- [+] [  8]
 |   |   |   |- Guid:2DF0D95440BE0EDA81652F860DC7268E BaseClass: NativeClass:/Script/Engine.WorldDataLayers Name:WorldDataLayers Label:WorldDataLayers SpatiallyLoaded:0 Bounds:IsValid=true, Min=(X=0.000 Y=0.000 Z=0.000), Max=(X=0.000 Y=0.000 Z=0.000) RuntimeGrid:None EditorOnly:0 RuntimeOnly:0 HLODRelevant:0 ListedInSceneOutliner:1 IsMainWorldOnly:1
 |   |   |- [+] [  9]
 |   |   |   |- Guid:309890EE433B913F6011BEADC3FE207D BaseClass: NativeClass:/Script/Engine.StaticMeshActor Name:StaticMeshActor_UAID_44AF28A6F963B3F801_1741935556 Label:Cone SpatiallyLoaded:1 Bounds:IsValid=true, Min=(X=-9876.808 Y=8980.597 Z=-133.650), Max=(X=-9290.618 Y=9719.907 Z=887.032) RuntimeGrid:None EditorOnly:0 RuntimeOnly:0 HLODRelevant:1 ListedInSceneOutliner:1 IsMainWorldOnly:0
 |   |   |- [+] [ 10]
 |   |   |   |- Guid:360F22A6436692BF9FAA08BA89EC64A9 BaseClass: NativeClass:/Script/Engine.StaticMeshActor Name:StaticMeshActor_UAID_44AF28A6F963B3F801_1810837560 Label:Cone5 SpatiallyLoaded:1 Bounds:IsValid=true, Min=(X=8655.704 Y=9015.113 Z=497.700), Max=(X=9203.920 Y=9460.673 Z=1559.783) RuntimeGrid:None EditorOnly:0 RuntimeOnly:0 HLODRelevant:1 ListedInSceneOutliner:1 IsMainWorldOnly:0
 |   |   |- [+] [ 11]
 |   |   |   |- Guid:3E6D20FD4A9A1C5DC653A9ADA4DF6C15 BaseClass: NativeClass:/Script/Engine.StaticMeshActor Name:StaticMeshActor_UAID_44AF28A6F963B4F801_1109103750 Label:MaterialSphere10 SpatiallyLoaded:1 Bounds:IsValid=true, Min=(X=5710.000 Y=9800.000 Z=110.000), Max=(X=5810.000 Y=9900.000 Z=210.000) RuntimeGrid:None EditorOnly:0 RuntimeOnly:0 HLODRelevant:1 ListedInSceneOutliner:1 IsMainWorldOnly:0
 |   |   |- [+] [ 12]
 |   |   |   |- Guid:3F7256BC488BCC8F27255BAE54993067 BaseClass: NativeClass:/Script/Landscape.LandscapeStreamingProxy Name:LandscapeStreamingProxy_B7CTOXMGB0ZE3P7FFDZQVIU93_126_1_3_0 Label:LandscapeStreamingProxy_1_3_0 SpatiallyLoaded:1 Bounds:IsValid=true, Min=(X=-12600.000 Y=12600.000 Z=100.000), Max=(X=0.000 Y=25200.000 Z=3857.031) RuntimeGrid:None EditorOnly:0 RuntimeOnly:0 HLODRelevant:1 ListedInSceneOutliner:1 IsMainWorldOnly:0
 |   |   |- [+] [ 13]
 |   |   |   |- Guid:48BAB0CB490F6CA33CC649927D1FFAB0 BaseClass: NativeClass:/Script/Engine.StaticMeshActor Name:StaticMeshActor_UAID_44AF28A6F963B3F801_1628543553 Label:Box3 SpatiallyLoaded:1 Bounds:IsValid=true, Min=(X=792.162 Y=13073.387 Z=100.000), Max=(X=1687.838 Y=13986.613 Z=1100.000) RuntimeGrid:None EditorOnly:0 RuntimeOnly:0 HLODRelevant:1 ListedInSceneOutliner:1 IsMainWorldOnly:0
 |   |   |- [+] [ 14]
 |   |   |   |- Guid:4B0E444D4D731CD841FB20A3B72C0136 BaseClass: NativeClass:/Script/Landscape.LandscapeStreamingProxy Name:LandscapeStreamingProxy_B7CTOXMGB0ZE3P7FFDZQVIU93_126_3_2_0 Label:LandscapeStreamingProxy_3_2_0 SpatiallyLoaded:1 Bounds:IsValid=true, Min=(X=12600.000 Y=0.000 Z=100.000), Max=(X=25200.000 Y=12600.000 Z=4764.062) RuntimeGrid:None EditorOnly:0 RuntimeOnly:0 HLODRelevant:1 ListedInSceneOutliner:1 IsMainWorldOnly:0
 |   |   |- [+] [ 15]
 |   |   |   |- Guid:5071ACAC48F5170F9A00DDAE9F2BE88D BaseClass: NativeClass:/Script/Engine.StaticMeshActor Name:StaticMeshActor_UAID_44AF28A6F963B3F801_2043791565 Label:MaterialSphere SpatiallyLoaded:1 Bounds:IsValid=true, Min=(X=-15850.000 Y=4840.000 Z=150.000), Max=(X=-15750.000 Y=4940.000 Z=250.000) RuntimeGrid:None EditorOnly:0 RuntimeOnly:0 HLODRelevant:1 ListedInSceneOutliner:1 IsMainWorldOnly:0
 |   |   |- [+] [ 16]
 |   |   |   |- Guid:52588A734E50A1EFFBC7E4AD96F31F74 BaseClass: NativeClass:/Script/Engine.StaticMeshActor Name:StaticMeshActor_UAID_44AF28A6F963B4F801_1075633746 Label:MaterialSphere6 SpatiallyLoaded:1 Bounds:IsValid=true, Min=(X=6620.000 Y=-2180.000 Z=130.000), Max=(X=6720.000 Y=-2080.000 Z=230.000) RuntimeGrid:None EditorOnly:0 RuntimeOnly:0 HLODRelevant:1 ListedInSceneOutliner:1 IsMainWorldOnly:0
 |   |   |- [+] [ 17]
 |   |   |   |- Guid:55BD33B34930D60EB8A43A8C1D691FCE BaseClass: NativeClass:/Script/Engine.StaticMeshActor Name:StaticMeshActor_UAID_44AF28A6F963B3F801_1678417555 Label:Box5 SpatiallyLoaded:1 Bounds:IsValid=true, Min=(X=4885.902 Y=10537.071 Z=-199.822), Max=(X=6213.944 Y=11806.952 Z=741.842) RuntimeGrid:None EditorOnly:0 RuntimeOnly:0 HLODRelevant:1 ListedInSceneOutliner:1 IsMainWorldOnly:0
 |   |   |- [+] [ 18]
 |   |   |   |- Guid:58B9F98E472B8B59994F478C41543053 BaseClass: NativeClass:/Script/Landscape.LandscapeStreamingProxy Name:LandscapeStreamingProxy_B7CTOXMGB0ZE3P7FFDZQVIU93_126_1_2_0 Label:LandscapeStreamingProxy_1_2_0 SpatiallyLoaded:1 Bounds:IsValid=true, Min=(X=-12600.000 Y=0.000 Z=100.000), Max=(X=0.000 Y=12600.000 Z=179.688) RuntimeGrid:None EditorOnly:0 RuntimeOnly:0 HLODRelevant:1 ListedInSceneOutliner:1 IsMainWorldOnly:0
 |   |   |- [+] [ 19]
 |   |   |   |- Guid:5E22373947FC7E24859D4B9D2F0ED3E3 BaseClass: NativeClass:/Script/Landscape.LandscapeStreamingProxy Name:LandscapeStreamingProxy_B7CTOXMGB0ZE3P7FFDZQVIU93_126_0_0_0 Label:LandscapeStreamingProxy_0_0_0 SpatiallyLoaded:1 Bounds:IsValid=true, Min=(X=-25200.000 Y=-25200.000 Z=100.000), Max=(X=-12600.000 Y=-12600.000 Z=3583.594) RuntimeGrid:None EditorOnly:0 RuntimeOnly:0 HLODRelevant:1 ListedInSceneOutliner:1 IsMainWorldOnly:0
 |   |   |- [+] [ 20]
 |   |   |   |- Guid:6252C7D64ACF162A73EE65B11FE214D1 BaseClass: NativeClass:/Script/Engine.SkyAtmosphere Name:SkyAtmosphere_1 Label:SkyAtmosphere SpatiallyLoaded:0 Bounds:IsValid=true, Min=(X=0.000 Y=0.000 Z=1020.000), Max=(X=0.000 Y=0.000 Z=1020.000) RuntimeGrid:None EditorOnly:0 RuntimeOnly:0 HLODRelevant:0 ListedInSceneOutliner:1 IsMainWorldOnly:0 FolderPath:Lighting FolderGuid:4C9334684BA61B42C769F799D2576455
 |   |   |- [+] [ 21]
 |   |   |   |- Guid:66BCBF874D2A22ADC6523B95EE812CA3 BaseClass: NativeClass:/Script/Engine.StaticMeshActor Name:StaticMeshActor_UAID_A4AE111137DC5CFB00_1660657071 Label:SM_SkySphere SpatiallyLoaded:0 Bounds:IsValid=true, Min=(X=-1638400.000 Y=-1638400.000 Z=-1638400.000), Max=(X=1638400.000 Y=1638400.000 Z=1638400.000) RuntimeGrid:None EditorOnly:0 RuntimeOnly:0 HLODRelevant:1 ListedInSceneOutliner:1 IsMainWorldOnly:0 FolderPath:Lighting FolderGuid:4C9334684BA61B42C769F799D2576455
 |   |   |- [+] [ 22]
 |   |   |   |- Guid:6C9DAD9A440351868DE33EA6390B13BE BaseClass: NativeClass:/Script/Engine.StaticMeshActor Name:StaticMeshActor_UAID_44AF28A6F963B3F801_1768415557 Label:Cone2 SpatiallyLoaded:1 Bounds:IsValid=true, Min=(X=-13000.551 Y=1241.723 Z=-109.236), Max=(X=-12339.294 Y=2015.024 Z=911.446) RuntimeGrid:None EditorOnly:0 RuntimeOnly:0 HLODRelevant:1 ListedInSceneOutliner:1 IsMainWorldOnly:0
 |   |   |- [+] [ 23]
 |   |   |   |- Guid:77F893B3468595EE782136AD620D7EF4 BaseClass: NativeClass:/Script/Engine.VolumetricCloud Name:VolumetricCloud_0 Label:VolumetricCloud SpatiallyLoaded:0 Bounds:IsValid=true, Min=(X=0.000 Y=0.000 Z=820.000), Max=(X=0.000 Y=0.000 Z=820.000) RuntimeGrid:None EditorOnly:0 RuntimeOnly:0 HLODRelevant:0 ListedInSceneOutliner:1 IsMainWorldOnly:0 FolderPath:Lighting FolderGuid:4C9334684BA61B42C769F799D2576455
 |   |   |- [+] [ 24]
 |   |   |   |- Guid:80F8BB0D4DC34CACBC9487AD7D274855 BaseClass: NativeClass:/Script/Engine.StaticMeshActor Name:StaticMeshActor_UAID_44AF28A6F963B3F801_1559684551 Label:Box SpatiallyLoaded:1 Bounds:IsValid=true, Min=(X=-9917.149 Y=-1341.479 Z=100.000), Max=(X=-9082.851 Y=-478.521 Z=1100.000) RuntimeGrid:None EditorOnly:0 RuntimeOnly:0 HLODRelevant:1 ListedInSceneOutliner:1 IsMainWorldOnly:0
 |   |   |- [+] [ 25]
 |   |   |   |- Guid:837590BA411D2D9DB31C829D8C785262 BaseClass: NativeClass:/Script/Landscape.LandscapeStreamingProxy Name:LandscapeStreamingProxy_B7CTOXMGB0ZE3P7FFDZQVIU93_126_2_2_0 Label:LandscapeStreamingProxy_2_2_0 SpatiallyLoaded:1 Bounds:IsValid=true, Min=(X=0.000 Y=0.000 Z=100.000), Max=(X=12600.000 Y=12600.000 Z=1134.375) RuntimeGrid:None EditorOnly:0 RuntimeOnly:0 HLODRelevant:1 ListedInSceneOutliner:1 IsMainWorldOnly:0
 |   |   |- [+] [ 26]
 |   |   |   |- Guid:84465BA741325CEFB71051BA64FA17AE BaseClass: NativeClass:/Script/Landscape.LandscapeStreamingProxy Name:LandscapeStreamingProxy_B7CTOXMGB0ZE3P7FFDZQVIU93_126_0_1_0 Label:LandscapeStreamingProxy_0_1_0 SpatiallyLoaded:1 Bounds:IsValid=true, Min=(X=-25200.000 Y=-12600.000 Z=91.406), Max=(X=-12600.000 Y=0.000 Z=4125.000) RuntimeGrid:None EditorOnly:0 RuntimeOnly:0 HLODRelevant:1 ListedInSceneOutliner:1 IsMainWorldOnly:0
 |   |   |- [+] [ 27]
 |   |   |   |- Guid:84DB2C2D427174D337FA18B9ADFF8DEF BaseClass: NativeClass:/Script/Landscape.LandscapeSplineActor Name:LandscapeSplineActor_UAID_44AF28A6F9636FF801_1403395585 Label:LandscapeSplineActor SpatiallyLoaded:1 Bounds:IsValid=true, Min=(X=-20923.840 Y=-11581.960 Z=-28.391), Max=(X=9707.930 Y=14913.075 Z=1135.000) RuntimeGrid:None EditorOnly:0 RuntimeOnly:0 HLODRelevant:1 ListedInSceneOutliner:1 IsMainWorldOnly:0
 |   |   |- [+] [ 28]
 |   |   |   |- Guid:8924270E49F36B2A7B9B4587647299F3 BaseClass: NativeClass:/Script/Engine.StaticMeshActor Name:StaticMeshActor_UAID_44AF28A6F963B3F801_1854620564 Label:Cone9 SpatiallyLoaded:1 Bounds:IsValid=true, Min=(X=12344.467 Y=4680.652 Z=638.436), Max=(X=12619.904 Y=5234.347 Z=1673.788) RuntimeGrid:None EditorOnly:0 RuntimeOnly:0 HLODRelevant:1 ListedInSceneOutliner:1 IsMainWorldOnly:0
 |   |   |- [+] [ 29]
 |   |   |   |- Guid:8AD96FB24586E50AD22828AC07B3C213 BaseClass: NativeClass:/Script/Engine.StaticMeshActor Name:StaticMeshActor_UAID_44AF28A6F963B3F801_2090196567 Label:MaterialSphere3 SpatiallyLoaded:1 Bounds:IsValid=true, Min=(X=-10460.000 Y=-1690.000 Z=310.000), Max=(X=-10360.000 Y=-1590.000 Z=410.000) RuntimeGrid:None EditorOnly:0 RuntimeOnly:0 HLODRelevant:1 ListedInSceneOutliner:1 IsMainWorldOnly:0
 |   |   |- [+] [ 30]
 |   |   |   |- Guid:95A19C4B4D025C0BC138589B3D807A28 BaseClass: NativeClass:/Script/Engine.StaticMeshActor Name:StaticMeshActor_UAID_44AF28A6F963B3F801_1807238559 Label:Cone4 SpatiallyLoaded:1 Bounds:IsValid=true, Min=(X=370.080 Y=14501.139 Z=-151.168), Max=(X=629.920 Y=15087.329 Z=877.396) RuntimeGrid:None EditorOnly:0 RuntimeOnly:0 HLODRelevant:1 ListedInSceneOutliner:1 IsMainWorldOnly:0
 |   |   |- [+] [ 31]
 |   |   |   |- Guid:9B89478743CAC45D532EE9B44C9DD306 BaseClass: NativeClass:/Script/Engine.StaticMeshActor Name:StaticMeshActor_UAID_44AF28A6F963B4F801_1089757748 Label:MaterialSphere8 SpatiallyLoaded:1 Bounds:IsValid=true, Min=(X=-5610.000 Y=4790.000 Z=170.000), Max=(X=-5510.000 Y=4890.000 Z=270.000) RuntimeGrid:None EditorOnly:0 RuntimeOnly:0 HLODRelevant:1 ListedInSceneOutliner:1 IsMainWorldOnly:0
 |   |   |- [+] [ 32]
 |   |   |   |- Guid:A7F27C2845CB33E1AED14FA91C4EFDCB BaseClass: NativeClass:/Script/Engine.StaticMeshActor Name:StaticMeshActor_UAID_44AF28A6F963B3F801_1659306554 Label:Box4 SpatiallyLoaded:1 Bounds:IsValid=true, Min=(X=4765.902 Y=-3286.952 Z=-199.822), Max=(X=6093.944 Y=-2017.071 Z=741.842) RuntimeGrid:None EditorOnly:0 RuntimeOnly:0 HLODRelevant:1 ListedInSceneOutliner:1 IsMainWorldOnly:0
 |   |   |- [+] [ 33]
 |   |   |   |- Guid:AA4F9FD849ECF1C80FD2B8A684610C64 BaseClass: NativeClass:/Script/Landscape.LandscapeStreamingProxy Name:LandscapeStreamingProxy_B7CTOXMGB0ZE3P7FFDZQVIU93_126_1_0_0 Label:LandscapeStreamingProxy_1_0_0 SpatiallyLoaded:1 Bounds:IsValid=true, Min=(X=-12600.000 Y=-25200.000 Z=-58.594), Max=(X=0.000 Y=-12600.000 Z=1903.125) RuntimeGrid:None EditorOnly:0 RuntimeOnly:0 HLODRelevant:1 ListedInSceneOutliner:1 IsMainWorldOnly:0
 |   |   |- [+] [ 34]
 |   |   |   |- Guid:AA9E4A304FBCA2F1347D4FAD7CDC190A BaseClass: NativeClass:/Script/Engine.StaticMeshActor Name:StaticMeshActor_UAID_44AF28A6F963B3F801_2108360568 Label:MaterialSphere4 SpatiallyLoaded:1 Bounds:IsValid=true, Min=(X=-9650.000 Y=10430.000 Z=110.000), Max=(X=-9550.000 Y=10530.000 Z=210.000) RuntimeGrid:None EditorOnly:0 RuntimeOnly:0 HLODRelevant:1 ListedInSceneOutliner:1 IsMainWorldOnly:0
 |   |   |- [+] [ 35]
 |   |   |   |- Guid:AC543E474014F261B15E999B1CBEC4C6 BaseClass: NativeClass:/Script/Landscape.LandscapeStreamingProxy Name:LandscapeStreamingProxy_B7CTOXMGB0ZE3P7FFDZQVIU93_126_2_1_0 Label:LandscapeStreamingProxy_2_1_0 SpatiallyLoaded:1 Bounds:IsValid=true, Min=(X=0.000 Y=-12600.000 Z=100.000), Max=(X=12600.000 Y=0.000 Z=4785.938) RuntimeGrid:None EditorOnly:0 RuntimeOnly:0 HLODRelevant:1 ListedInSceneOutliner:1 IsMainWorldOnly:0
 |   |   |- [+] [ 36]
 |   |   |   |- Guid:AE5D8D21461910FABD0A95B28EE5052B BaseClass: NativeClass:/Script/Engine.StaticMeshActor Name:StaticMeshActor_UAID_44AF28A6F963B4F801_1093908749 Label:MaterialSphere9 SpatiallyLoaded:1 Bounds:IsValid=true, Min=(X=-4370.000 Y=8660.000 Z=130.000), Max=(X=-4270.000 Y=8760.000 Z=230.000) RuntimeGrid:None EditorOnly:0 RuntimeOnly:0 HLODRelevant:1 ListedInSceneOutliner:1 IsMainWorldOnly:0
 |   |   |- [+] [ 37]
 |   |   |   |- Guid:AECEEEE741E6DE68F6843FA49564A956 BaseClass: NativeClass:/Script/Engine.DirectionalLight Name:DirectionalLight_1 Label:DirectionalLight SpatiallyLoaded:0 Bounds:IsValid=true, Min=(X=-1048576.000 Y=-1048576.000 Z=-1048576.000), Max=(X=1048576.000 Y=1048576.000 Z=1048576.000) RuntimeGrid:None EditorOnly:0 RuntimeOnly:0 HLODRelevant:0 ListedInSceneOutliner:1 IsMainWorldOnly:0 FolderPath:Lighting FolderGuid:4C9334684BA61B42C769F799D2576455
 |   |   |- [+] [ 38]
 |   |   |   |- Guid:B88B753D43459614D3C67798E158E79B BaseClass: NativeClass:/Script/Engine.StaticMeshActor Name:StaticMeshActor_UAID_44AF28A6F963B3F801_1793705558 Label:Cone3 SpatiallyLoaded:1 Bounds:IsValid=true, Min=(X=-5736.387 Y=1623.459 Z=-127.474), Max=(X=-5066.171 Y=2193.372 Z=927.929) RuntimeGrid:None EditorOnly:0 RuntimeOnly:0 HLODRelevant:1 ListedInSceneOutliner:1 IsMainWorldOnly:0
 |   |   |- [+] [ 39]
 |   |   |   |- Guid:C95C18ED4D68D3A80F8FF4B72B67B78C BaseClass: NativeClass:/Script/Landscape.LandscapeStreamingProxy Name:LandscapeStreamingProxy_B7CTOXMGB0ZE3P7FFDZQVIU93_126_2_3_0 Label:LandscapeStreamingProxy_2_3_0 SpatiallyLoaded:1 Bounds:IsValid=true, Min=(X=0.000 Y=12600.000 Z=100.000), Max=(X=12600.000 Y=25200.000 Z=4283.594) RuntimeGrid:None EditorOnly:0 RuntimeOnly:0 HLODRelevant:1 ListedInSceneOutliner:1 IsMainWorldOnly:0
 |   |   |- [+] [ 40]
 |   |   |   |- Guid:D227FD864780EC7FCDFB81948659D9B4 BaseClass: NativeClass:/Script/Engine.StaticMeshActor Name:StaticMeshActor_UAID_44AF28A6F963B4F801_1081719747 Label:MaterialSphere7 SpatiallyLoaded:1 Bounds:IsValid=true, Min=(X=-390.000 Y=14380.000 Z=110.000), Max=(X=-290.000 Y=14480.000 Z=210.000) RuntimeGrid:None EditorOnly:0 RuntimeOnly:0 HLODRelevant:1 ListedInSceneOutliner:1 IsMainWorldOnly:0
 |   |   |- [+] [ 41]
 |   |   |   |- Guid:D24D61B944EF71BE7BC469B7EB239299 BaseClass: NativeClass:/Script/Engine.ExponentialHeightFog Name:ExponentialHeightFog_1 Label:ExponentialHeightFog SpatiallyLoaded:0 Bounds:IsValid=true, Min=(X=-5600.000 Y=-50.000 Z=-6850.000), Max=(X=-5600.000 Y=-50.000 Z=-6850.000) RuntimeGrid:None EditorOnly:0 RuntimeOnly:0 HLODRelevant:0 ListedInSceneOutliner:1 IsMainWorldOnly:0 FolderPath:Lighting FolderGuid:4C9334684BA61B42C769F799D2576455
 |   |   |- [+] [ 42]
 |   |   |   |- Guid:D8F44E77431E6D62343E998D2435DB12 BaseClass: NativeClass:/Script/Engine.StaticMeshActor Name:StaticMeshActor_UAID_44AF28A6F963B3F801_1815080561 Label:Cone6 SpatiallyLoaded:1 Bounds:IsValid=true, Min=(X=8351.478 Y=5734.263 Z=447.557), Max=(X=8951.350 Y=6041.952 Z=1485.455) RuntimeGrid:None EditorOnly:0 RuntimeOnly:0 HLODRelevant:1 ListedInSceneOutliner:1 IsMainWorldOnly:0
 |   |   |- [+] [ 43]
 |   |   |   |- Guid:DB074E8C492A5B00F5D14BB3DF5C2B9F BaseClass: NativeClass:/Script/Engine.StaticMeshActor Name:StaticMeshActor_UAID_44AF28A6F963B3F801_2143026569 Label:MaterialSphere5 SpatiallyLoaded:1 Bounds:IsValid=true, Min=(X=-570.000 Y=-2400.000 Z=130.000), Max=(X=-470.000 Y=-2300.000 Z=230.000) RuntimeGrid:None EditorOnly:0 RuntimeOnly:0 HLODRelevant:1 ListedInSceneOutliner:1 IsMainWorldOnly:0
 |   |   |- [+] [ 44]
 |   |   |   |- Guid:E350737F44406F9FF1CE44AAEC3C1B13 BaseClass: NativeClass:/Script/Landscape.LandscapeStreamingProxy Name:LandscapeStreamingProxy_B7CTOXMGB0ZE3P7FFDZQVIU93_126_2_0_0 Label:LandscapeStreamingProxy_2_0_0 SpatiallyLoaded:1 Bounds:IsValid=true, Min=(X=0.000 Y=-25200.000 Z=-57.812), Max=(X=12600.000 Y=-12600.000 Z=2233.594) RuntimeGrid:None EditorOnly:0 RuntimeOnly:0 HLODRelevant:1 ListedInSceneOutliner:1 IsMainWorldOnly:0
 |   |   |- [+] [ 45]
 |   |   |   |- Guid:E7FD2487423DE680C184D58BC78353B8 BaseClass: NativeClass:/Script/Landscape.LandscapeStreamingProxy Name:LandscapeStreamingProxy_B7CTOXMGB0ZE3P7FFDZQVIU93_126_3_0_0 Label:LandscapeStreamingProxy_3_0_0 SpatiallyLoaded:1 Bounds:IsValid=true, Min=(X=12600.000 Y=-25200.000 Z=100.000), Max=(X=25200.000 Y=-12600.000 Z=1503.906) RuntimeGrid:None EditorOnly:0 RuntimeOnly:0 HLODRelevant:1 ListedInSceneOutliner:1 IsMainWorldOnly:0
 |   |   |- [+] [ 46]
 |   |   |   |- Guid:EB35D7FF4E26F1267A2FF18B3C85A88B BaseClass: NativeClass:/Script/Engine.StaticMeshActor Name:StaticMeshActor_UAID_44AF28A6F963B3F801_2051143566 Label:MaterialSphere2 SpatiallyLoaded:1 Bounds:IsValid=true, Min=(X=-13940.000 Y=2570.000 Z=200.000), Max=(X=-13840.000 Y=2670.000 Z=300.000) RuntimeGrid:None EditorOnly:0 RuntimeOnly:0 HLODRelevant:1 ListedInSceneOutliner:1 IsMainWorldOnly:0
 |   |   |- [+] [ 47]
 |   |   |   |- Guid:EDA38F284C800598BEDECB9B4CC25A8F BaseClass: NativeClass:/Script/Engine.StaticMeshActor Name:StaticMeshActor_UAID_44AF28A6F963B3F801_1827275562 Label:Cone7 SpatiallyLoaded:1 Bounds:IsValid=true, Min=(X=11202.126 Y=3824.373 Z=555.543), Max=(X=11499.826 Y=4307.621 Z=1597.373) RuntimeGrid:None EditorOnly:0 RuntimeOnly:0 HLODRelevant:1 ListedInSceneOutliner:1 IsMainWorldOnly:0
 |   |   |- [+] [ 48]
 |   |   |   |- Guid:EF6774954B2B0562C74D4CBD2BD3A01C BaseClass: NativeClass:/Script/Landscape.LandscapeStreamingProxy Name:LandscapeStreamingProxy_B7CTOXMGB0ZE3P7FFDZQVIU93_126_3_1_0 Label:LandscapeStreamingProxy_3_1_0 SpatiallyLoaded:1 Bounds:IsValid=true, Min=(X=12600.000 Y=-12600.000 Z=100.000), Max=(X=25200.000 Y=0.000 Z=5008.594) RuntimeGrid:None EditorOnly:0 RuntimeOnly:0 HLODRelevant:1 ListedInSceneOutliner:1 IsMainWorldOnly:0
 |   |   |- [+] [ 49]
 |   |   |   |- Guid:F006707A4432F04B89C75195D80D1D19 BaseClass: NativeClass:/Script/Landscape.LandscapeStreamingProxy Name:LandscapeStreamingProxy_B7CTOXMGB0ZE3P7FFDZQVIU93_126_3_3_0 Label:LandscapeStreamingProxy_3_3_0 SpatiallyLoaded:1 Bounds:IsValid=true, Min=(X=12600.000 Y=12600.000 Z=100.000), Max=(X=25200.000 Y=25200.000 Z=4454.688) RuntimeGrid:None EditorOnly:0 RuntimeOnly:0 HLODRelevant:1 ListedInSceneOutliner:1 IsMainWorldOnly:0
 |   |   |- [+] [ 50]
 |   |   |   |- Guid:F33CC5014C49925B3A9D52A063AF483F BaseClass: NativeClass:/Script/Engine.PlayerStart Name:PlayerStart_0 Label:PlayerStart SpatiallyLoaded:0 Bounds:IsValid=true, Min=(X=-18090.000 Y=-13030.000 Z=120.013), Max=(X=-17830.000 Y=-12750.000 Z=764.013) RuntimeGrid:None EditorOnly:0 RuntimeOnly:0 HLODRelevant:0 ListedInSceneOutliner:1 IsMainWorldOnly:0
 |- ContainerInstances:
 |- [+] MainContainer:
 |   |-        ID: 00000000000000000000000000000000
 |   |-  ParentID: 00000000000000000000000000000000
 |   |-    Bounds: IsValid=false, Min=(X=0.000 Y=0.000 Z=0.000), Max=(X=0.000 Y=0.000 Z=0.000)
 |   |- Transform: 0.000000,0.000000,0.000000|0.000000,0.000000,-0.000000|1.000000,1.000000,1.000000
 |   |- Container: /Game/TopDown/Maps/TopDownMap
----------------------------------------------------------------------------------------------------------------
TopDownMap - Persistent Level
----------------------------------------------------------------------------------------------------------------
[+] Content of TopDownMap Persistent Level
 |- Always loaded Actor Count: 51 
 |- Actor Path: /Game/TopDown/Maps/TopDownMap.TopDownMap:PersistentLevel.DirectionalLight_1
 |- Actor Package: /Game/__ExternalActors__/TopDown/Maps/TopDownMap/A/LM/VRK8UAZR3J2TAKS74SHCUD
 |- Actor Path: /Game/TopDown/Maps/TopDownMap.TopDownMap:PersistentLevel.ExponentialHeightFog_1
 |- Actor Package: /Game/__ExternalActors__/TopDown/Maps/TopDownMap/6/BO/BYV4KSLUROOOL33DU1XUWQ
 |- Actor Path: /Game/TopDown/Maps/TopDownMap.TopDownMap:PersistentLevel.Landscape_UAID_44AF28A6F96359F801_1838472711
 |- Actor Package: /Game/__ExternalActors__/TopDown/Maps/TopDownMap/C/D0/4Z08L4H9FWXY6WCWWDZ09Z
 |- Actor Path: /Game/TopDown/Maps/TopDownMap.TopDownMap:PersistentLevel.LandscapeSplineActor_UAID_44AF28A6F9636FF801_1403395585
 |- Actor Package: /Game/__ExternalActors__/TopDown/Maps/TopDownMap/D/02/H4QF6RZHAUUSZ37Q14QV7P
 |- Actor Path: /Game/TopDown/Maps/TopDownMap.TopDownMap:PersistentLevel.LandscapeStreamingProxy_B7CTOXMGB0ZE3P7FFDZQVIU93_126_0_0_0
 |- Actor Package: /Game/__ExternalActors__/TopDown/Maps/TopDownMap/5/N6/32VR5ZT9F6TND9SQTZIR4R
 |- Actor Path: /Game/TopDown/Maps/TopDownMap.TopDownMap:PersistentLevel.LandscapeStreamingProxy_B7CTOXMGB0ZE3P7FFDZQVIU93_126_0_1_0
 |- Actor Package: /Game/__ExternalActors__/TopDown/Maps/TopDownMap/D/UT/XCWTEDRX8BAEOZZTWECME8
 |- Actor Path: /Game/TopDown/Maps/TopDownMap.TopDownMap:PersistentLevel.LandscapeStreamingProxy_B7CTOXMGB0ZE3P7FFDZQVIU93_126_0_2_0
 |- Actor Package: /Game/__ExternalActors__/TopDown/Maps/TopDownMap/5/DN/X0BNOKLEBJ9HKBR9DAR05M
 |- Actor Path: /Game/TopDown/Maps/TopDownMap.TopDownMap:PersistentLevel.LandscapeStreamingProxy_B7CTOXMGB0ZE3P7FFDZQVIU93_126_0_3_0
 |- Actor Package: /Game/__ExternalActors__/TopDown/Maps/TopDownMap/9/PQ/L4UKMB0E5J2PTRM5YJIV1W
 |- Actor Path: /Game/TopDown/Maps/TopDownMap.TopDownMap:PersistentLevel.LandscapeStreamingProxy_B7CTOXMGB0ZE3P7FFDZQVIU93_126_1_0_0
 |- Actor Package: /Game/__ExternalActors__/TopDown/Maps/TopDownMap/A/UQ/30EB972VCXK66GOGJAFEOB
 |- Actor Path: /Game/TopDown/Maps/TopDownMap.TopDownMap:PersistentLevel.LandscapeStreamingProxy_B7CTOXMGB0ZE3P7FFDZQVIU93_126_1_1_0
 |- Actor Package: /Game/__ExternalActors__/TopDown/Maps/TopDownMap/6/O4/A5HZN4Z5WZ4NUYKXM12ASY
 |- Actor Path: /Game/TopDown/Maps/TopDownMap.TopDownMap:PersistentLevel.LandscapeStreamingProxy_B7CTOXMGB0ZE3P7FFDZQVIU93_126_1_2_0
 |- Actor Package: /Game/__ExternalActors__/TopDown/Maps/TopDownMap/D/FJ/JUOI3R6T6GBNGQO2VJ9WR7
 |- Actor Path: /Game/TopDown/Maps/TopDownMap.TopDownMap:PersistentLevel.LandscapeStreamingProxy_B7CTOXMGB0ZE3P7FFDZQVIU93_126_1_3_0
 |- Actor Package: /Game/__ExternalActors__/TopDown/Maps/TopDownMap/8/UW/YG1Z1QX36COKJ3V4W4AE1D
 |- Actor Path: /Game/TopDown/Maps/TopDownMap.TopDownMap:PersistentLevel.LandscapeStreamingProxy_B7CTOXMGB0ZE3P7FFDZQVIU93_126_2_0_0
 |- Actor Package: /Game/__ExternalActors__/TopDown/Maps/TopDownMap/0/X1/G96GB98AEMUU0DDQB9L2C6
 |- Actor Path: /Game/TopDown/Maps/TopDownMap.TopDownMap:PersistentLevel.LandscapeStreamingProxy_B7CTOXMGB0ZE3P7FFDZQVIU93_126_2_1_0
 |- Actor Package: /Game/__ExternalActors__/TopDown/Maps/TopDownMap/C/IM/WKZGBDSGTVZPZ39RPKPPJD
 |- Actor Path: /Game/TopDown/Maps/TopDownMap.TopDownMap:PersistentLevel.LandscapeStreamingProxy_B7CTOXMGB0ZE3P7FFDZQVIU93_126_2_2_0
 |- Actor Package: /Game/__ExternalActors__/TopDown/Maps/TopDownMap/E/N4/V5A1KR9GJSKNMYLNCVUNLE
 |- Actor Path: /Game/TopDown/Maps/TopDownMap.TopDownMap:PersistentLevel.LandscapeStreamingProxy_B7CTOXMGB0ZE3P7FFDZQVIU93_126_2_3_0
 |- Actor Package: /Game/__ExternalActors__/TopDown/Maps/TopDownMap/7/RY/55BKFSM9AU0G1BN0C7RE3Z
 |- Actor Path: /Game/TopDown/Maps/TopDownMap.TopDownMap:PersistentLevel.LandscapeStreamingProxy_B7CTOXMGB0ZE3P7FFDZQVIU93_126_3_0_0
 |- Actor Package: /Game/__ExternalActors__/TopDown/Maps/TopDownMap/C/UO/1SDHCX87BEFXHWMX8HVJKF
 |- Actor Path: /Game/TopDown/Maps/TopDownMap.TopDownMap:PersistentLevel.LandscapeStreamingProxy_B7CTOXMGB0ZE3P7FFDZQVIU93_126_3_1_0
 |- Actor Package: /Game/__ExternalActors__/TopDown/Maps/TopDownMap/5/F5/8X0MEXHYNX3IEK84MZHMW5
 |- Actor Path: /Game/TopDown/Maps/TopDownMap.TopDownMap:PersistentLevel.LandscapeStreamingProxy_B7CTOXMGB0ZE3P7FFDZQVIU93_126_3_2_0
 |- Actor Package: /Game/__ExternalActors__/TopDown/Maps/TopDownMap/2/90/ZFBTYBYBCOH2DVC7CDAP3T
 |- Actor Path: /Game/TopDown/Maps/TopDownMap.TopDownMap:PersistentLevel.LandscapeStreamingProxy_B7CTOXMGB0ZE3P7FFDZQVIU93_126_3_3_0
 |- Actor Package: /Game/__ExternalActors__/TopDown/Maps/TopDownMap/E/JK/PR2TMTHMZ0PLN5TIMV200E
 |- Actor Path: /Game/TopDown/Maps/TopDownMap.TopDownMap:PersistentLevel.PlayerStart_0
 |- Actor Package: /Game/__ExternalActors__/TopDown/Maps/TopDownMap/6/OI/H4CYGWRMJ49ZI6AS2GNGQY
 |- Actor Path: /Game/TopDown/Maps/TopDownMap.TopDownMap:PersistentLevel.PostProcessVolume_1
 |- Actor Package: /Game/__ExternalActors__/TopDown/Maps/TopDownMap/6/VI/ESHAVRHFZFA2JDR9ZAQIOE
 |- Actor Path: /Game/TopDown/Maps/TopDownMap.TopDownMap:PersistentLevel.SkyAtmosphere_1
 |- Actor Package: /Game/__ExternalActors__/TopDown/Maps/TopDownMap/5/YN/TCNGOWDVRBFBJ5YZR7VI7S
 |- Actor Path: /Game/TopDown/Maps/TopDownMap.TopDownMap:PersistentLevel.SkyLight_1
 |- Actor Package: /Game/__ExternalActors__/TopDown/Maps/TopDownMap/E/LR/47NTFRDFK6M7265A1UYTOW
 |- Actor Path: /Game/TopDown/Maps/TopDownMap.TopDownMap:PersistentLevel.StaticMeshActor_UAID_44AF28A6F963B3F801_1559684551
 |- Actor Package: /Game/__ExternalActors__/TopDown/Maps/TopDownMap/4/CH/VSRS4YCD743NKXHIB8P3JW
 |- Actor Path: /Game/TopDown/Maps/TopDownMap.TopDownMap:PersistentLevel.StaticMeshActor_UAID_44AF28A6F963B3F801_1607104552
 |- Actor Package: /Game/__ExternalActors__/TopDown/Maps/TopDownMap/E/HQ/Y78N1OGVZN1D1LAX02FW4D
 |- Actor Path: /Game/TopDown/Maps/TopDownMap.TopDownMap:PersistentLevel.StaticMeshActor_UAID_44AF28A6F963B3F801_1628543553
 |- Actor Package: /Game/__ExternalActors__/TopDown/Maps/TopDownMap/D/W5/TF2YUBM31TYNFYLZ86S7UO
 |- Actor Path: /Game/TopDown/Maps/TopDownMap.TopDownMap:PersistentLevel.StaticMeshActor_UAID_44AF28A6F963B3F801_1659306554
 |- Actor Package: /Game/__ExternalActors__/TopDown/Maps/TopDownMap/C/24/DN3PDYUBHBU9S7S7UDLLLA
 |- Actor Path: /Game/TopDown/Maps/TopDownMap.TopDownMap:PersistentLevel.StaticMeshActor_UAID_44AF28A6F963B3F801_1678417555
 |- Actor Package: /Game/__ExternalActors__/TopDown/Maps/TopDownMap/1/JQ/BSARDB4KU3FAO3DGWFTGVJ
 |- Actor Path: /Game/TopDown/Maps/TopDownMap.TopDownMap:PersistentLevel.StaticMeshActor_UAID_44AF28A6F963B3F801_1741935556
 |- Actor Package: /Game/__ExternalActors__/TopDown/Maps/TopDownMap/7/FB/0Q3OZV73E957GVXDPRVM7M
 |- Actor Path: /Game/TopDown/Maps/TopDownMap.TopDownMap:PersistentLevel.StaticMeshActor_UAID_44AF28A6F963B3F801_1768415557
 |- Actor Package: /Game/__ExternalActors__/TopDown/Maps/TopDownMap/0/9U/UKTF3W1YDG2Z80QGL73V6J
 |- Actor Path: /Game/TopDown/Maps/TopDownMap.TopDownMap:PersistentLevel.StaticMeshActor_UAID_44AF28A6F963B3F801_1793705558
 |- Actor Package: /Game/__ExternalActors__/TopDown/Maps/TopDownMap/3/MJ/X6GJ0SJW3T0N3LV8QS3JXM
 |- Actor Path: /Game/TopDown/Maps/TopDownMap.TopDownMap:PersistentLevel.StaticMeshActor_UAID_44AF28A6F963B3F801_1807238559
 |- Actor Package: /Game/__ExternalActors__/TopDown/Maps/TopDownMap/6/W3/35L0RKMTEPZLJWLCN58EEY
 |- Actor Path: /Game/TopDown/Maps/TopDownMap.TopDownMap:PersistentLevel.StaticMeshActor_UAID_44AF28A6F963B3F801_1810837560
 |- Actor Package: /Game/__ExternalActors__/TopDown/Maps/TopDownMap/5/BC/3RCP18XDO308524ZPVY351
 |- Actor Path: /Game/TopDown/Maps/TopDownMap.TopDownMap:PersistentLevel.StaticMeshActor_UAID_44AF28A6F963B3F801_1815080561
 |- Actor Package: /Game/__ExternalActors__/TopDown/Maps/TopDownMap/4/50/SKX0IX6T55UZ75N6XI0UYO
 |- Actor Path: /Game/TopDown/Maps/TopDownMap.TopDownMap:PersistentLevel.StaticMeshActor_UAID_44AF28A6F963B3F801_1827275562
 |- Actor Package: /Game/__ExternalActors__/TopDown/Maps/TopDownMap/C/OX/SIA3RLVRRAPZC1UVBS1NQB
 |- Actor Path: /Game/TopDown/Maps/TopDownMap.TopDownMap:PersistentLevel.StaticMeshActor_UAID_44AF28A6F963B3F801_1838297563
 |- Actor Package: /Game/__ExternalActors__/TopDown/Maps/TopDownMap/1/FB/K92L5CAYC0JRYIHGDIQOY3
 |- Actor Path: /Game/TopDown/Maps/TopDownMap.TopDownMap:PersistentLevel.StaticMeshActor_UAID_44AF28A6F963B3F801_1854620564
 |- Actor Package: /Game/__ExternalActors__/TopDown/Maps/TopDownMap/1/E7/5RJLFZYDPF267BSDTH2WWH
 |- Actor Path: /Game/TopDown/Maps/TopDownMap.TopDownMap:PersistentLevel.StaticMeshActor_UAID_44AF28A6F963B3F801_2043791565
 |- Actor Package: /Game/__ExternalActors__/TopDown/Maps/TopDownMap/7/20/E5G7UFJ929JRE6AUW38H5L
 |- Actor Path: /Game/TopDown/Maps/TopDownMap.TopDownMap:PersistentLevel.StaticMeshActor_UAID_44AF28A6F963B3F801_2051143566
 |- Actor Package: /Game/__ExternalActors__/TopDown/Maps/TopDownMap/0/NE/ANO16DRZNW2ZNT5LCURSPI
 |- Actor Path: /Game/TopDown/Maps/TopDownMap.TopDownMap:PersistentLevel.StaticMeshActor_UAID_44AF28A6F963B3F801_2090196567
 |- Actor Package: /Game/__ExternalActors__/TopDown/Maps/TopDownMap/0/FO/XMK9ADQZ2GB2TP8NVJ3KDI
 |- Actor Path: /Game/TopDown/Maps/TopDownMap.TopDownMap:PersistentLevel.StaticMeshActor_UAID_44AF28A6F963B3F801_2108360568
 |- Actor Package: /Game/__ExternalActors__/TopDown/Maps/TopDownMap/1/9K/P47FTB7F8N29TSXMMP9VU1
 |- Actor Path: /Game/TopDown/Maps/TopDownMap.TopDownMap:PersistentLevel.StaticMeshActor_UAID_44AF28A6F963B3F801_2143026569
 |- Actor Package: /Game/__ExternalActors__/TopDown/Maps/TopDownMap/E/V4/6AN565318CZLTYBNNKGA3Y
 |- Actor Path: /Game/TopDown/Maps/TopDownMap.TopDownMap:PersistentLevel.StaticMeshActor_UAID_44AF28A6F963B4F801_1075633746
 |- Actor Package: /Game/__ExternalActors__/TopDown/Maps/TopDownMap/6/PT/ZGCJ5DRMNZXSLVHKU5FGIX
 |- Actor Path: /Game/TopDown/Maps/TopDownMap.TopDownMap:PersistentLevel.StaticMeshActor_UAID_44AF28A6F963B4F801_1081719747
 |- Actor Package: /Game/__ExternalActors__/TopDown/Maps/TopDownMap/7/PW/KPM4CU9V0PSZ66EVY24TZ9
 |- Actor Path: /Game/TopDown/Maps/TopDownMap.TopDownMap:PersistentLevel.StaticMeshActor_UAID_44AF28A6F963B4F801_1089757748
 |- Actor Package: /Game/__ExternalActors__/TopDown/Maps/TopDownMap/3/E3/W1PHLQONTGIG57UHFIBUFR
 |- Actor Path: /Game/TopDown/Maps/TopDownMap.TopDownMap:PersistentLevel.StaticMeshActor_UAID_44AF28A6F963B4F801_1093908749
 |- Actor Package: /Game/__ExternalActors__/TopDown/Maps/TopDownMap/9/UB/JBKQZBBRY6VQSLPHA3MG7Y
 |- Actor Path: /Game/TopDown/Maps/TopDownMap.TopDownMap:PersistentLevel.StaticMeshActor_UAID_44AF28A6F963B4F801_1109103750
 |- Actor Package: /Game/__ExternalActors__/TopDown/Maps/TopDownMap/3/1Z/EMDLLFRTHYVTD7QOFC1B84
 |- Actor Path: /Game/TopDown/Maps/TopDownMap.TopDownMap:PersistentLevel.StaticMeshActor_UAID_A4AE111137DC5CFB00_1660657071
 |- Actor Package: /Game/__ExternalActors__/TopDown/Maps/TopDownMap/C/MV/UE2U7GTDT7WM2AVP83861S
 |- Actor Path: /Game/TopDown/Maps/TopDownMap.TopDownMap:PersistentLevel.VolumetricCloud_0
 |- Actor Package: /Game/__ExternalActors__/TopDown/Maps/TopDownMap/6/GY/HOVAYB977GD5L9YGZ5S1T6
 |- Actor Path: /Game/TopDown/Maps/TopDownMap.TopDownMap:PersistentLevel.WorldDataLayers
 |- Actor Package: /Game/__ExternalActors__/TopDown/Maps/TopDownMap/A/RN/FHX05LPSBNMAJG3SW97PS7

----------------------------------------------------------------------------------------------------------------
TopDownMap - Runtime Hash Set
----------------------------------------------------------------------------------------------------------------

